Using pre-set license
Built from '2020.3/staging' branch; Version is '2020.3.19f1 (68f137dc9bbe) revision 6877495'; Using compiler version '192528614'; Build Type 'Release'
OS: 'Windows 10 Pro; OS build 19043.1288; Version 2009; 64bit' Language: 'es' Physical Memory: 16342 MB
BatchMode: 1, IsHumanControllingUs: 0, StartBugReporterOnCrash: 0, Is64bit: 1, IsPro: 0

COMMAND LINE ARGUMENTS:
C:\Program Files\Unity\Hub\Editor\2020.3.19f1\Editor\Unity.exe
-adb2
-batchMode
-noUpm
-name
AssetImportWorker0
-projectPath
D:/Joan Barceló/Desarrollo_de _entornos/ejercicio_opcional/Proyecto_5
-logFile
Logs/AssetImportWorker0.log
-srvPort
64694
Successfully changed project path to: D:/Joan Barceló/Desarrollo_de _entornos/ejercicio_opcional/Proyecto_5
D:/Joan Barceló/Desarrollo_de _entornos/ejercicio_opcional/Proyecto_5
Using Asset Import Pipeline V2.
Refreshing native plugins compatible for Editor in 59.21 ms, found 2 plugins.
Preloading 0 native plugins for Editor in 0.00 ms.
Initialize engine version: 2020.3.19f1 (68f137dc9bbe)
[Subsystems] Discovering subsystems at path C:/Program Files/Unity/Hub/Editor/2020.3.19f1/Editor/Data/Resources/UnitySubsystems
[Subsystems] Discovering subsystems at path D:/Joan Barceló/Desarrollo_de _entornos/ejercicio_opcional/Proyecto_5/Assets
GfxDevice: creating device client; threaded=0
Direct3D:
    Version:  Direct3D 11.0 [level 11.1]
    Renderer: NVIDIA GeForce GTX 1050 Ti (ID=0x1c82)
    Vendor:   
    VRAM:     4018 MB
    Driver:   27.21.14.5671
Initialize mono
Mono path[0] = 'C:/Program Files/Unity/Hub/Editor/2020.3.19f1/Editor/Data/Managed'
Mono path[1] = 'C:/Program Files/Unity/Hub/Editor/2020.3.19f1/Editor/Data/MonoBleedingEdge/lib/mono/unityjit'
Mono config path = 'C:/Program Files/Unity/Hub/Editor/2020.3.19f1/Editor/Data/MonoBleedingEdge/etc'
Using monoOptions --debugger-agent=transport=dt_socket,embedding=1,server=y,suspend=n,address=127.0.0.1:56560
Begin MonoManager ReloadAssembly
Registering precompiled unity dll's ...
Register platform support module: C:/Program Files/Unity/Hub/Editor/2020.3.19f1/Editor/Data/PlaybackEngines/WindowsStandaloneSupport/UnityEditor.WindowsStandalone.Extensions.dll
Registered in 0.001819 seconds.
Native extension for WindowsStandalone target not found
Refreshing native plugins compatible for Editor in 54.55 ms, found 2 plugins.
Preloading 0 native plugins for Editor in 0.00 ms.
Mono: successfully reloaded assembly
- Completed reload, in  1.519 seconds
Domain Reload Profiling:
	ReloadAssembly (1519ms)
		BeginReloadAssembly (62ms)
			ExecutionOrderSort (0ms)
			DisableScriptedObjects (0ms)
			BackupInstance (0ms)
			ReleaseScriptingObjects (0ms)
			CreateAndSetChildDomain (1ms)
		EndReloadAssembly (776ms)
			LoadAssemblies (60ms)
			RebuildTransferFunctionScriptingTraits (0ms)
			SetupTypeCache (160ms)
			ReleaseScriptCaches (0ms)
			RebuildScriptCaches (33ms)
			SetupLoadedEditorAssemblies (484ms)
				LogAssemblyErrors (0ms)
				InitializePlatformSupportModulesInManaged (4ms)
				SetLoadedEditorAssemblies (0ms)
				RefreshPlugins (55ms)
				BeforeProcessingInitializeOnLoad (9ms)
				ProcessInitializeOnLoadAttributes (95ms)
				ProcessInitializeOnLoadMethodAttributes (320ms)
				AfterProcessingInitializeOnLoad (0ms)
				EditorAssembliesLoaded (0ms)
			ExecutionOrderSort2 (0ms)
			AwakeInstancesAfterBackupRestoration (0ms)
Platform modules already initialized, skipping
Registering precompiled user dll's ...
Registered in 0.004055 seconds.
Begin MonoManager ReloadAssembly
Native extension for WindowsStandalone target not found
Refreshing native plugins compatible for Editor in 51.94 ms, found 2 plugins.
Preloading 0 native plugins for Editor in 0.00 ms.
Mono: successfully reloaded assembly
- Completed reload, in  1.186 seconds
Domain Reload Profiling:
	ReloadAssembly (1186ms)
		BeginReloadAssembly (168ms)
			ExecutionOrderSort (0ms)
			DisableScriptedObjects (5ms)
			BackupInstance (0ms)
			ReleaseScriptingObjects (0ms)
			CreateAndSetChildDomain (19ms)
		EndReloadAssembly (954ms)
			LoadAssemblies (90ms)
			RebuildTransferFunctionScriptingTraits (0ms)
			SetupTypeCache (332ms)
			ReleaseScriptCaches (1ms)
			RebuildScriptCaches (50ms)
			SetupLoadedEditorAssemblies (350ms)
				LogAssemblyErrors (0ms)
				InitializePlatformSupportModulesInManaged (4ms)
				SetLoadedEditorAssemblies (0ms)
				RefreshPlugins (52ms)
				BeforeProcessingInitializeOnLoad (73ms)
				ProcessInitializeOnLoadAttributes (210ms)
				ProcessInitializeOnLoadMethodAttributes (5ms)
				AfterProcessingInitializeOnLoad (6ms)
				EditorAssembliesLoaded (0ms)
			ExecutionOrderSort2 (0ms)
			AwakeInstancesAfterBackupRestoration (8ms)
Platform modules already initialized, skipping
========================================================================
Worker process is ready to serve import requests
Launched and connected shader compiler UnityShaderCompiler.exe after 0.04 seconds
Refreshing native plugins compatible for Editor in 0.52 ms, found 2 plugins.
Preloading 0 native plugins for Editor in 0.00 ms.
Unloading 2705 Unused Serialized files (Serialized files now loaded: 0)
System memory in use before: 123.4 MB.
System memory in use after: 123.6 MB.

Unloading 17 unused Assets to reduce memory usage. Loaded Objects now: 3138.
Total: 3.583400 ms (FindLiveObjects: 0.261400 ms CreateObjectMapping: 0.149600 ms MarkObjects: 3.084800 ms  DeleteObjects: 0.086000 ms)

AssetImportParameters requested are different than current active one (requested -> active):
  custom:framework-win-MediaFoundation: 216162199b28c13a410421893ffa2e32 -> 
  custom:video-decoder-ogg-theora: a1e56fd34408186e4bbccfd4996cb3dc -> 
  custom:container-muxer-webm: aa71ff27fc2769a1b78a27578f13a17b -> 
  custom:container-demuxer-webm: 4f35f7cbe854078d1ac9338744f61a02 -> 
  custom:container-demuxer-ogg: 62fdf1f143b41e24485cea50d1cbac27 -> 
  custom:video-encoder-webm-vp8: eb34c28f22e8b96e1ab97ce403110664 -> 
  custom:video-decoder-webm-vp8: 9c59270c3fd7afecdb556c50c9e8de78 -> 
  custom:audio-decoder-ogg-vorbis: bf7c407c2cedff20999df2af8eb42d56 -> 
  custom:audio-encoder-webm-vorbis: bf7c407c2cedff20999df2af8eb42d56 -> 
========================================================================
Received Import Request.
  path: Assets/Materials/Skybox_Mat.mat
  artifactKey: Guid(0ffaa0b7117ba8c47a9d05ae701d4b4d) Importer(815301076,1909f56bfc062723c751e8b465ee728b)
Start importing Assets/Materials/Skybox_Mat.mat using Guid(0ffaa0b7117ba8c47a9d05ae701d4b4d) Importer(815301076,1909f56bfc062723c751e8b465ee728b)  -> (artifact id: '4d54ab3375f41efad00566dcae11def2') in 0.251014 seconds 
  Import took 0.255405 seconds .

========================================================================
Received Import Request.
  Time since last request: 0.000205 seconds.
  path: Assets/Readme.asset
  artifactKey: Guid(83c2ed844a8c74b779a4c823d16594b1) Importer(815301076,1909f56bfc062723c751e8b465ee728b)
Start importing Assets/Readme.asset using Guid(83c2ed844a8c74b779a4c823d16594b1) Importer(815301076,1909f56bfc062723c751e8b465ee728b)  -> (artifact id: '8ffd2c44ffeb50c574abb5d0c4453328') in 0.005669 seconds 
  Import took 0.010033 seconds .

========================================================================
Received Import Request.
  Time since last request: 3.924529 seconds.
  path: Assets/Presets/AudioCompressedInMemory.preset
  artifactKey: Guid(2dd802e4d37c65149922028d3e973832) Importer(815301076,1909f56bfc062723c751e8b465ee728b)
Start importing Assets/Presets/AudioCompressedInMemory.preset using Guid(2dd802e4d37c65149922028d3e973832) Importer(815301076,1909f56bfc062723c751e8b465ee728b)  -> (artifact id: 'ac4de02398cfe62c06251b0f50233ebf') in 0.003232 seconds 
  Import took 0.007940 seconds .

========================================================================
Received Import Request.
  Time since last request: 0.000260 seconds.
  path: Assets/Presets/AudioStreaming.preset
  artifactKey: Guid(86bcce7f5575b54408aa0f3a7d321039) Importer(815301076,1909f56bfc062723c751e8b465ee728b)
Start importing Assets/Presets/AudioStreaming.preset using Guid(86bcce7f5575b54408aa0f3a7d321039) Importer(815301076,1909f56bfc062723c751e8b465ee728b)  -> (artifact id: '9982fbd60bc57b892b2c54d34a0163c0') in 0.001941 seconds 
  Import took 0.006729 seconds .

========================================================================
Received Import Request.
  Time since last request: 0.000057 seconds.
  path: Assets/Presets/NormalTexture.preset
  artifactKey: Guid(14a57cf3b9fa1c74b884aa7e0dcf1faa) Importer(815301076,1909f56bfc062723c751e8b465ee728b)
Start importing Assets/Presets/NormalTexture.preset using Guid(14a57cf3b9fa1c74b884aa7e0dcf1faa) Importer(815301076,1909f56bfc062723c751e8b465ee728b)  -> (artifact id: '9c195482fc53bc4f53f643643f636469') in 0.004044 seconds 
  Import took 0.008337 seconds .

========================================================================
Received Import Request.
  Time since last request: 0.000270 seconds.
  path: Assets/Presets/UtilityTexture.preset
  artifactKey: Guid(45f7b2e3c78185248b3adbb14429c2ab) Importer(815301076,1909f56bfc062723c751e8b465ee728b)
Start importing Assets/Presets/UtilityTexture.preset using Guid(45f7b2e3c78185248b3adbb14429c2ab) Importer(815301076,1909f56bfc062723c751e8b465ee728b)  -> (artifact id: 'ab9c1faeeb59b745cafa0ae79c874a42') in 0.003712 seconds 
  Import took 0.008752 seconds .

========================================================================
Received Import Request.
  Time since last request: 4.614751 seconds.
  path: Assets/Scripts/SimpleCameraController.cs
  artifactKey: Guid(be76e5f14cfee674cb30b491fb72b09b) Importer(815301076,1909f56bfc062723c751e8b465ee728b)
Start importing Assets/Scripts/SimpleCameraController.cs using Guid(be76e5f14cfee674cb30b491fb72b09b) Importer(815301076,1909f56bfc062723c751e8b465ee728b)  -> (artifact id: '22f43657664d19fbc476a42e0fad91a9') in 0.003429 seconds 
  Import took 0.007437 seconds .

========================================================================
Received Import Request.
  Time since last request: 6.155691 seconds.
  path: Assets
  artifactKey: Guid(00000000000000001000000000000000) Importer(815301076,1909f56bfc062723c751e8b465ee728b)
Start importing Assets using Guid(00000000000000001000000000000000) Importer(815301076,1909f56bfc062723c751e8b465ee728b)  -> (artifact id: '42d402b061de3733987d63b9cc3b64de') in 0.001140 seconds 
  Import took 0.005691 seconds .

========================================================================
Received Import Request.
  Time since last request: 11.123874 seconds.
  path: Assets/Prefabs
  artifactKey: Guid(904e9be827c6bb14084db6c5cbb25e96) Importer(815301076,1909f56bfc062723c751e8b465ee728b)
Start importing Assets/Prefabs using Guid(904e9be827c6bb14084db6c5cbb25e96) Importer(815301076,1909f56bfc062723c751e8b465ee728b)  -> (artifact id: '927ec9d6a8163cfed7889bcd59e63a2f') in 0.002238 seconds 
  Import took 0.006387 seconds .

========================================================================
Received Import Request.
  Time since last request: 9.518665 seconds.
  path: Assets/Prefabs/Main Camera.prefab
  artifactKey: Guid(7450a228cafd25c4baae6a41ccdc026c) Importer(815301076,1909f56bfc062723c751e8b465ee728b)
Start importing Assets/Prefabs/Main Camera.prefab using Guid(7450a228cafd25c4baae6a41ccdc026c) Importer(815301076,1909f56bfc062723c751e8b465ee728b)  -> (artifact id: 'cfbd2f24ff02dc161bd1636e832fde92') in 0.012013 seconds 
  Import took 0.016718 seconds .

========================================================================
Received Import Request.
  Time since last request: 364.545075 seconds.
  path: Assets/Scenes
  artifactKey: Guid(23aaa3017eba89848ba51b6e89451433) Importer(815301076,1909f56bfc062723c751e8b465ee728b)
Start importing Assets/Scenes using Guid(23aaa3017eba89848ba51b6e89451433) Importer(815301076,1909f56bfc062723c751e8b465ee728b)  -> (artifact id: 'c8d558a68c575dace4acd2b251242c70') in 0.001502 seconds 
  Import took 0.006795 seconds .

========================================================================
Received Prepare
Registering precompiled user dll's ...
Registered in 0.003003 seconds.
Begin MonoManager ReloadAssembly
Native extension for WindowsStandalone target not found
Refreshing native plugins compatible for Editor in 0.67 ms, found 2 plugins.
Preloading 0 native plugins for Editor in 0.00 ms.
Mono: successfully reloaded assembly
- Completed reload, in  1.082 seconds
Domain Reload Profiling:
	ReloadAssembly (1082ms)
		BeginReloadAssembly (130ms)
			ExecutionOrderSort (0ms)
			DisableScriptedObjects (7ms)
			BackupInstance (0ms)
			ReleaseScriptingObjects (0ms)
			CreateAndSetChildDomain (39ms)
		EndReloadAssembly (889ms)
			LoadAssemblies (88ms)
			RebuildTransferFunctionScriptingTraits (0ms)
			SetupTypeCache (318ms)
			ReleaseScriptCaches (1ms)
			RebuildScriptCaches (43ms)
			SetupLoadedEditorAssemblies (291ms)
				LogAssemblyErrors (0ms)
				InitializePlatformSupportModulesInManaged (4ms)
				SetLoadedEditorAssemblies (0ms)
				RefreshPlugins (1ms)
				BeforeProcessingInitializeOnLoad (61ms)
				ProcessInitializeOnLoadAttributes (214ms)
				ProcessInitializeOnLoadMethodAttributes (4ms)
				AfterProcessingInitializeOnLoad (6ms)
				EditorAssembliesLoaded (0ms)
			ExecutionOrderSort2 (0ms)
			AwakeInstancesAfterBackupRestoration (16ms)
Platform modules already initialized, skipping
Refreshing native plugins compatible for Editor in 0.49 ms, found 2 plugins.
Preloading 0 native plugins for Editor in 0.00 ms.
Unloading 2595 Unused Serialized files (Serialized files now loaded: 0)
System memory in use before: 121.5 MB.
System memory in use after: 121.7 MB.

Unloading 12 unused Assets to reduce memory usage. Loaded Objects now: 3218.
Total: 3.544300 ms (FindLiveObjects: 0.265700 ms CreateObjectMapping: 0.146600 ms MarkObjects: 3.115100 ms  DeleteObjects: 0.016000 ms)

AssetImportParameters requested are different than current active one (requested -> active):
  custom:framework-win-MediaFoundation: 216162199b28c13a410421893ffa2e32 -> 
  custom:video-decoder-ogg-theora: a1e56fd34408186e4bbccfd4996cb3dc -> 
  custom:container-muxer-webm: aa71ff27fc2769a1b78a27578f13a17b -> 
  custom:container-demuxer-webm: 4f35f7cbe854078d1ac9338744f61a02 -> 
  custom:container-demuxer-ogg: 62fdf1f143b41e24485cea50d1cbac27 -> 
  custom:video-encoder-webm-vp8: eb34c28f22e8b96e1ab97ce403110664 -> 
  custom:video-decoder-webm-vp8: 9c59270c3fd7afecdb556c50c9e8de78 -> 
  custom:audio-decoder-ogg-vorbis: bf7c407c2cedff20999df2af8eb42d56 -> 
  custom:audio-encoder-webm-vorbis: bf7c407c2cedff20999df2af8eb42d56 -> 
========================================================================
Received Import Request.
  Time since last request: 13.017569 seconds.
  path: Assets/Scenes/Exterior.unity
  artifactKey: Guid(97cd7a2789a99624fbff8261e678b363) Importer(815301076,1909f56bfc062723c751e8b465ee728b)
Start importing Assets/Scenes/Exterior.unity using Guid(97cd7a2789a99624fbff8261e678b363) Importer(815301076,1909f56bfc062723c751e8b465ee728b)  -> (artifact id: '0494c6ba6bebe06c91c29c365c3c669f') in 0.014451 seconds 
  Import took 0.018461 seconds .

========================================================================
Received Prepare
Registering precompiled user dll's ...
Registered in 0.002260 seconds.
Begin MonoManager ReloadAssembly
Native extension for WindowsStandalone target not found
Refreshing native plugins compatible for Editor in 0.63 ms, found 2 plugins.
Preloading 0 native plugins for Editor in 0.00 ms.
Mono: successfully reloaded assembly
- Completed reload, in  1.085 seconds
Domain Reload Profiling:
	ReloadAssembly (1085ms)
		BeginReloadAssembly (116ms)
			ExecutionOrderSort (0ms)
			DisableScriptedObjects (5ms)
			BackupInstance (0ms)
			ReleaseScriptingObjects (0ms)
			CreateAndSetChildDomain (35ms)
		EndReloadAssembly (905ms)
			LoadAssemblies (89ms)
			RebuildTransferFunctionScriptingTraits (0ms)
			SetupTypeCache (330ms)
			ReleaseScriptCaches (1ms)
			RebuildScriptCaches (42ms)
			SetupLoadedEditorAssemblies (297ms)
				LogAssemblyErrors (0ms)
				InitializePlatformSupportModulesInManaged (4ms)
				SetLoadedEditorAssemblies (0ms)
				RefreshPlugins (1ms)
				BeforeProcessingInitializeOnLoad (62ms)
				ProcessInitializeOnLoadAttributes (220ms)
				ProcessInitializeOnLoadMethodAttributes (4ms)
				AfterProcessingInitializeOnLoad (6ms)
				EditorAssembliesLoaded (0ms)
			ExecutionOrderSort2 (0ms)
			AwakeInstancesAfterBackupRestoration (16ms)
Platform modules already initialized, skipping
Refreshing native plugins compatible for Editor in 0.48 ms, found 2 plugins.
Preloading 0 native plugins for Editor in 0.00 ms.
Unloading 2595 Unused Serialized files (Serialized files now loaded: 0)
System memory in use before: 121.5 MB.
System memory in use after: 121.7 MB.

Unloading 12 unused Assets to reduce memory usage. Loaded Objects now: 3220.
Total: 3.290700 ms (FindLiveObjects: 0.250900 ms CreateObjectMapping: 0.132600 ms MarkObjects: 2.871100 ms  DeleteObjects: 0.035200 ms)

AssetImportParameters requested are different than current active one (requested -> active):
  custom:framework-win-MediaFoundation: 216162199b28c13a410421893ffa2e32 -> 
  custom:video-decoder-ogg-theora: a1e56fd34408186e4bbccfd4996cb3dc -> 
  custom:container-muxer-webm: aa71ff27fc2769a1b78a27578f13a17b -> 
  custom:container-demuxer-webm: 4f35f7cbe854078d1ac9338744f61a02 -> 
  custom:container-demuxer-ogg: 62fdf1f143b41e24485cea50d1cbac27 -> 
  custom:video-encoder-webm-vp8: eb34c28f22e8b96e1ab97ce403110664 -> 
  custom:video-decoder-webm-vp8: 9c59270c3fd7afecdb556c50c9e8de78 -> 
  custom:audio-decoder-ogg-vorbis: bf7c407c2cedff20999df2af8eb42d56 -> 
  custom:audio-encoder-webm-vorbis: bf7c407c2cedff20999df2af8eb42d56 -> 
========================================================================
Received Import Request.
  Time since last request: 2106.982942 seconds.
  path: Assets/New Terrain.asset
  artifactKey: Guid(e18dc1ae396c5e442a5a545a1c5c1954) Importer(815301076,1909f56bfc062723c751e8b465ee728b)
Start importing Assets/New Terrain.asset using Guid(e18dc1ae396c5e442a5a545a1c5c1954) Importer(815301076,1909f56bfc062723c751e8b465ee728b)  -> (artifact id: 'fc8476d3ecb22a7a1d6dbd2f12c28298') in 0.037710 seconds 
  Import took 0.044236 seconds .

========================================================================
Received Import Request.
  Time since last request: 0.000204 seconds.
  path: Assets/TerrainData_25aed301-c2b0-4e42-b1a5-e0813a70e58e.asset
  artifactKey: Guid(09d9f44b920ae664eb8b4acd7c246c2d) Importer(815301076,1909f56bfc062723c751e8b465ee728b)
Start importing Assets/TerrainData_25aed301-c2b0-4e42-b1a5-e0813a70e58e.asset using Guid(09d9f44b920ae664eb8b4acd7c246c2d) Importer(815301076,1909f56bfc062723c751e8b465ee728b)  -> (artifact id: 'e2746e0b0342ffbeb132930497ab488c') in 0.008045 seconds 
  Import took 0.013512 seconds .

========================================================================
Received Import Request.
  Time since last request: 15.952356 seconds.
  path: Assets/Textures
  artifactKey: Guid(440d037b909ba464aa861a43f3f39d50) Importer(815301076,1909f56bfc062723c751e8b465ee728b)
Start importing Assets/Textures using Guid(440d037b909ba464aa861a43f3f39d50) Importer(815301076,1909f56bfc062723c751e8b465ee728b)  -> (artifact id: '1bc09e0add9d809a8473f3f5015e4344') in 0.002197 seconds 
  Import took 0.006938 seconds .

========================================================================
Received Import Request.
  Time since last request: 22.792400 seconds.
  path: Assets/Materials
  artifactKey: Guid(d0234ba368eeec9418390da711bfdad0) Importer(815301076,1909f56bfc062723c751e8b465ee728b)
Start importing Assets/Materials using Guid(d0234ba368eeec9418390da711bfdad0) Importer(815301076,1909f56bfc062723c751e8b465ee728b)  -> (artifact id: 'dd1fccef896d48891410691dfde716e5') in 0.001302 seconds 
  Import took 0.006141 seconds .

========================================================================
Received Import Request.
  Time since last request: 10.570959 seconds.
  path: Assets/Materials/Montaña.mat
  artifactKey: Guid(7f485a8dbb2c91b46a4f8c08b29e62ea) Importer(815301076,1909f56bfc062723c751e8b465ee728b)
Start importing Assets/Materials/Montaña.mat using Guid(7f485a8dbb2c91b46a4f8c08b29e62ea) Importer(815301076,1909f56bfc062723c751e8b465ee728b)  -> (artifact id: '84fdcc5c9ec095ddc5b0a0f50914dfad') in 0.159353 seconds 
  Import took 0.163798 seconds .

========================================================================
Received Import Request.
  Time since last request: 8.590883 seconds.
  path: Assets/Textures/TexturesCom_Nature_Moss_1K_albedo.tif
  artifactKey: Guid(2a078c5bc7dc2904c869a92935472a1d) Importer(815301076,1909f56bfc062723c751e8b465ee728b)
Start importing Assets/Textures/TexturesCom_Nature_Moss_1K_albedo.tif using Guid(2a078c5bc7dc2904c869a92935472a1d) Importer(815301076,1909f56bfc062723c751e8b465ee728b)  -> (artifact id: 'c0549e95c266db4f0458c5689943bddf') in 0.016647 seconds 
  Import took 0.021485 seconds .

========================================================================
Received Import Request.
  Time since last request: 0.000269 seconds.
  path: Assets/Textures/TexturesCom_Nature_Moss_1K_normal.tif
  artifactKey: Guid(506761b8d0e955a4babe84f190279174) Importer(815301076,1909f56bfc062723c751e8b465ee728b)
Start importing Assets/Textures/TexturesCom_Nature_Moss_1K_normal.tif using Guid(506761b8d0e955a4babe84f190279174) Importer(815301076,1909f56bfc062723c751e8b465ee728b)  -> (artifact id: 'cebcc1226b5a3d7ded1f77b7efe12fb2') in 0.017895 seconds 
  Import took 0.022343 seconds .

========================================================================
Received Import Request.
  Time since last request: 0.000304 seconds.
  path: Assets/Textures/TexturesCom_Rock_CliffMountain_1K_height.tif
  artifactKey: Guid(fe9c71d22d935054abed41501d08eeed) Importer(815301076,1909f56bfc062723c751e8b465ee728b)
Start importing Assets/Textures/TexturesCom_Rock_CliffMountain_1K_height.tif using Guid(fe9c71d22d935054abed41501d08eeed) Importer(815301076,1909f56bfc062723c751e8b465ee728b)  -> (artifact id: '7b124281ac79f2099a0819e9f16f1acd') in 0.014596 seconds 
  Import took 0.020424 seconds .

========================================================================
Received Import Request.
  Time since last request: 0.000227 seconds.
  path: Assets/Textures/TexturesCom_Rock_CliffMountain_1K_albedo.tif
  artifactKey: Guid(2d0e121e8092b3440897844bdbad440f) Importer(815301076,1909f56bfc062723c751e8b465ee728b)
Start importing Assets/Textures/TexturesCom_Rock_CliffMountain_1K_albedo.tif using Guid(2d0e121e8092b3440897844bdbad440f) Importer(815301076,1909f56bfc062723c751e8b465ee728b)  -> (artifact id: 'a94a0d0042652bdc264b5420bee20e42') in 0.008345 seconds 
  Import took 0.012922 seconds .

========================================================================
Received Import Request.
  Time since last request: 0.000192 seconds.
  path: Assets/Textures/TexturesCom_Rock_CliffMountain_1K_normal.tif
  artifactKey: Guid(6eb0dd32ecdc8af448db56a886634222) Importer(815301076,1909f56bfc062723c751e8b465ee728b)
Start importing Assets/Textures/TexturesCom_Rock_CliffMountain_1K_normal.tif using Guid(6eb0dd32ecdc8af448db56a886634222) Importer(815301076,1909f56bfc062723c751e8b465ee728b)  -> (artifact id: '41feb43f4c95d3d7d14df26918f285b6') in 0.014024 seconds 
  Import took 0.018449 seconds .

========================================================================
Received Import Request.
  Time since last request: 17.807188 seconds.
  path: Assets/Textures/TexturesCom_Nature_Moss_1K_normal.tif
  artifactKey: Guid(506761b8d0e955a4babe84f190279174) Importer(815301076,1909f56bfc062723c751e8b465ee728b)
Start importing Assets/Textures/TexturesCom_Nature_Moss_1K_normal.tif using Guid(506761b8d0e955a4babe84f190279174) Importer(815301076,1909f56bfc062723c751e8b465ee728b)  -> (artifact id: '320992af0e8c995cf442bb3cedd4a07e') in 0.012671 seconds 
  Import took 0.017645 seconds .

========================================================================
Received Import Request.
  Time since last request: 93.745230 seconds.
  path: Assets/Textures/hierba.tif
  artifactKey: Guid(2a078c5bc7dc2904c869a92935472a1d) Importer(815301076,1909f56bfc062723c751e8b465ee728b)
Start importing Assets/Textures/hierba.tif using Guid(2a078c5bc7dc2904c869a92935472a1d) Importer(815301076,1909f56bfc062723c751e8b465ee728b)  -> (artifact id: 'edaf7e3c8d2c4d47eaacbfd9a0683542') in 0.007220 seconds 
  Import took 0.011964 seconds .

========================================================================
Received Import Request.
  Time since last request: 63.207740 seconds.
  path: Assets/Textures/piedra.tif
  artifactKey: Guid(2d0e121e8092b3440897844bdbad440f) Importer(815301076,1909f56bfc062723c751e8b465ee728b)
Start importing Assets/Textures/piedra.tif using Guid(2d0e121e8092b3440897844bdbad440f) Importer(815301076,1909f56bfc062723c751e8b465ee728b)  -> (artifact id: '89103a1101045661a243658ad0dcdadd') in 0.007752 seconds 
  Import took 0.012057 seconds .

========================================================================
Received Import Request.
  Time since last request: 463.964868 seconds.
  path: Assets/Textures/TexturesCom_Grass0157_1_seamless_S.jpg
  artifactKey: Guid(5c43cfe4bc525864c9c5930b54dd7e54) Importer(815301076,1909f56bfc062723c751e8b465ee728b)
Start importing Assets/Textures/TexturesCom_Grass0157_1_seamless_S.jpg using Guid(5c43cfe4bc525864c9c5930b54dd7e54) Importer(815301076,1909f56bfc062723c751e8b465ee728b)  -> (artifact id: 'a9b1545fe774039fe735ce148cdc26ab') in 0.014505 seconds 
  Import took 0.019253 seconds .

========================================================================
Received Import Request.
  Time since last request: 18.258280 seconds.
  path: Assets/Textures/grass2.jpg
  artifactKey: Guid(5c43cfe4bc525864c9c5930b54dd7e54) Importer(815301076,1909f56bfc062723c751e8b465ee728b)
Start importing Assets/Textures/grass2.jpg using Guid(5c43cfe4bc525864c9c5930b54dd7e54) Importer(815301076,1909f56bfc062723c751e8b465ee728b)  -> (artifact id: 'bc61d278d51d705e5278d9f630b4f9bf') in 0.007762 seconds 
  Import took 0.012243 seconds .

========================================================================
Received Import Request.
  Time since last request: 190.904206 seconds.
  path: Assets/Textures/grass2_nml.jpg
  artifactKey: Guid(82f2b9037cee5f64181b2b88502daa0b) Importer(815301076,1909f56bfc062723c751e8b465ee728b)
Start importing Assets/Textures/grass2_nml.jpg using Guid(82f2b9037cee5f64181b2b88502daa0b) Importer(815301076,1909f56bfc062723c751e8b465ee728b)  -> (artifact id: 'aea56949b5a66f0b2d0683b5971394aa') in 0.009792 seconds 
  Import took 0.015163 seconds .

========================================================================
Received Import Request.
  Time since last request: 208.415079 seconds.
  path: Assets/Textures/nieve_nml.jpg
  artifactKey: Guid(3d9c474b4f7c6c949a37e06417ca52f0) Importer(815301076,1909f56bfc062723c751e8b465ee728b)
Start importing Assets/Textures/nieve_nml.jpg using Guid(3d9c474b4f7c6c949a37e06417ca52f0) Importer(815301076,1909f56bfc062723c751e8b465ee728b)  -> (artifact id: 'ae6dd87ee77aea696b9f5a8504c46400') in 0.009354 seconds 
  Import took 0.014061 seconds .

========================================================================
Received Import Request.
  Time since last request: 0.000045 seconds.
  path: Assets/Textures/nieve_t.tif
  artifactKey: Guid(31738a7f928c02d4c9923b6b9f4d6dcf) Importer(815301076,1909f56bfc062723c751e8b465ee728b)
Start importing Assets/Textures/nieve_t.tif using Guid(31738a7f928c02d4c9923b6b9f4d6dcf) Importer(815301076,1909f56bfc062723c751e8b465ee728b)  -> (artifact id: '984f7d78cdcea785051fbd63abe4d077') in 0.019220 seconds 
  Import took 0.025215 seconds .

========================================================================
Received Import Request.
  Time since last request: 31.846716 seconds.
  path: Assets/Textures/nieve_t.tif
  artifactKey: Guid(31738a7f928c02d4c9923b6b9f4d6dcf) Importer(815301076,1909f56bfc062723c751e8b465ee728b)
Start importing Assets/Textures/nieve_t.tif using Guid(31738a7f928c02d4c9923b6b9f4d6dcf) Importer(815301076,1909f56bfc062723c751e8b465ee728b)  -> (artifact id: 'a3041c83e4ee82ae60f819735ac8959e') in 0.009108 seconds 
  Import took 0.014028 seconds .

========================================================================
Received Import Request.
  Time since last request: 3.459553 seconds.
  path: Assets/Textures/grass2_nml.jpg
  artifactKey: Guid(82f2b9037cee5f64181b2b88502daa0b) Importer(815301076,1909f56bfc062723c751e8b465ee728b)
Start importing Assets/Textures/grass2_nml.jpg using Guid(82f2b9037cee5f64181b2b88502daa0b) Importer(815301076,1909f56bfc062723c751e8b465ee728b)  -> (artifact id: '655b13d113a758a1f197438e2f484eca') in 0.020108 seconds 
  Import took 0.024610 seconds .

========================================================================
Received Import Request.
  Time since last request: 240.505102 seconds.
  path: Assets/Tree_Textures/diffuse.png
  artifactKey: Guid(476356096bc7b874fadb504d79dbab03) Importer(815301076,1909f56bfc062723c751e8b465ee728b)
Start importing Assets/Tree_Textures/diffuse.png using Guid(476356096bc7b874fadb504d79dbab03) Importer(815301076,1909f56bfc062723c751e8b465ee728b)  -> (artifact id: '0b9ece9b138a03f069af82f9f46cba98') in 0.010215 seconds 
  Import took 0.015103 seconds .

========================================================================
Received Import Request.
  Time since last request: 0.000278 seconds.
  path: Assets/Tree_Textures/translucency_gloss.png
  artifactKey: Guid(596ba180f60849b478a3d42dd31701c6) Importer(815301076,1909f56bfc062723c751e8b465ee728b)
Start importing Assets/Tree_Textures/translucency_gloss.png using Guid(596ba180f60849b478a3d42dd31701c6) Importer(815301076,1909f56bfc062723c751e8b465ee728b)  -> (artifact id: '972ec78dfeab7a29b2dc62653914e04b') in 0.006945 seconds 
  Import took 0.011955 seconds .

========================================================================
Received Import Request.
  Time since last request: 0.000278 seconds.
  path: Assets/Tree_Textures/normal_specular.png
  artifactKey: Guid(26eddacd5b0f2ea42b4892451fb47291) Importer(815301076,1909f56bfc062723c751e8b465ee728b)
Start importing Assets/Tree_Textures/normal_specular.png using Guid(26eddacd5b0f2ea42b4892451fb47291) Importer(815301076,1909f56bfc062723c751e8b465ee728b)  -> (artifact id: 'd9e3d94fd4df280a0b21be328514630f') in 0.005854 seconds 
  Import took 0.010947 seconds .

========================================================================
Received Import Request.
  Time since last request: 187.637653 seconds.
  path: Assets/New Terrain.asset
  artifactKey: Guid(e18dc1ae396c5e442a5a545a1c5c1954) Importer(815301076,1909f56bfc062723c751e8b465ee728b)
Start importing Assets/New Terrain.asset using Guid(e18dc1ae396c5e442a5a545a1c5c1954) Importer(815301076,1909f56bfc062723c751e8b465ee728b)  -> (artifact id: 'e9dde678cc4b83fec4ee06a7e2504bc5') in 0.006515 seconds 
  Import took 0.011415 seconds .

========================================================================
Received Import Request.
  Time since last request: 0.000296 seconds.
  path: Assets/Tree.prefab
  artifactKey: Guid(75685a363187988478c8d1ca2fd44773) Importer(815301076,1909f56bfc062723c751e8b465ee728b)
Start importing Assets/Tree.prefab using Guid(75685a363187988478c8d1ca2fd44773) Importer(815301076,1909f56bfc062723c751e8b465ee728b)  -> (artifact id: '829557e0bbc66c93168aa51add6816ce') in 0.303584 seconds 
  Import took 0.307372 seconds .

========================================================================
Received Import Request.
  Time since last request: 0.000289 seconds.
  path: Assets/TerrainData_25aed301-c2b0-4e42-b1a5-e0813a70e58e.asset
  artifactKey: Guid(09d9f44b920ae664eb8b4acd7c246c2d) Importer(815301076,1909f56bfc062723c751e8b465ee728b)
Start importing Assets/TerrainData_25aed301-c2b0-4e42-b1a5-e0813a70e58e.asset using Guid(09d9f44b920ae664eb8b4acd7c246c2d) Importer(815301076,1909f56bfc062723c751e8b465ee728b)  -> (artifact id: '2a4a57f097a9fb437d9ce4e869c86eb2') in 0.006803 seconds 
  Import took 0.010715 seconds .

========================================================================
Received Import Request.
  Time since last request: 7.328931 seconds.
  path: Assets/Tree_Textures
  artifactKey: Guid(3a5f32b1ccea5ef4e8a750e84dd127ca) Importer(815301076,1909f56bfc062723c751e8b465ee728b)
Start importing Assets/Tree_Textures using Guid(3a5f32b1ccea5ef4e8a750e84dd127ca) Importer(815301076,1909f56bfc062723c751e8b465ee728b)  -> (artifact id: '31435c9680f3f7712b04cc485cffec86') in 0.001504 seconds 
  Import took 0.005799 seconds .

========================================================================
Received Import Request.
  Time since last request: 0.118819 seconds.
  path: Assets/Tree_Textures/shadow.png
  artifactKey: Guid(82c60c79563a09847886ffbf54528b36) Importer(815301076,1909f56bfc062723c751e8b465ee728b)
Start importing Assets/Tree_Textures/shadow.png using Guid(82c60c79563a09847886ffbf54528b36) Importer(815301076,1909f56bfc062723c751e8b465ee728b)  -> (artifact id: 'b178afd108182633ce8bef49fa3d1207') in 0.007021 seconds 
  Import took 0.011449 seconds .

========================================================================
Received Import Request.
  Time since last request: 34.955216 seconds.
  path: Assets/Settings/ForwardRenderer.asset
  artifactKey: Guid(4a8e21d5c33334b11b34a596161b9360) Importer(815301076,1909f56bfc062723c751e8b465ee728b)
Start importing Assets/Settings/ForwardRenderer.asset using Guid(4a8e21d5c33334b11b34a596161b9360) Importer(815301076,1909f56bfc062723c751e8b465ee728b)  -> (artifact id: '63cf95242464b0f1307a08bc2392aaaa') in 0.003677 seconds 
  Import took 0.007842 seconds .

========================================================================
Received Import Request.
  Time since last request: 0.000322 seconds.
  path: Assets/Settings/SampleSceneProfile.asset
  artifactKey: Guid(10fc4df2da32a41aaa32d77bc913491c) Importer(815301076,1909f56bfc062723c751e8b465ee728b)
Start importing Assets/Settings/SampleSceneProfile.asset using Guid(10fc4df2da32a41aaa32d77bc913491c) Importer(815301076,1909f56bfc062723c751e8b465ee728b)  -> (artifact id: 'd2b3f476ab718b1cf20d183dd9addfe7') in 0.003538 seconds 
  Import took 0.007898 seconds .

========================================================================
Received Import Request.
  Time since last request: 0.000349 seconds.
  path: Assets/Settings/UniversalRP-LowQuality.asset
  artifactKey: Guid(a31e9f9f9c9d4b9429ed0d1234e22103) Importer(815301076,1909f56bfc062723c751e8b465ee728b)
Start importing Assets/Settings/UniversalRP-LowQuality.asset using Guid(a31e9f9f9c9d4b9429ed0d1234e22103) Importer(815301076,1909f56bfc062723c751e8b465ee728b)  -> (artifact id: 'b226a0bb157262eadf686f6bb5b5f1f8') in 0.002893 seconds 
  Import took 0.008323 seconds .

========================================================================
Received Import Request.
  Time since last request: 0.000241 seconds.
  path: Assets/Settings/UniversalRP-MediumQuality.asset
  artifactKey: Guid(d847b876476d3d6468f5dfcd34266f96) Importer(815301076,1909f56bfc062723c751e8b465ee728b)
Start importing Assets/Settings/UniversalRP-MediumQuality.asset using Guid(d847b876476d3d6468f5dfcd34266f96) Importer(815301076,1909f56bfc062723c751e8b465ee728b)  -> (artifact id: 'd421f548a6507a11f25ec3578746e9c1') in 0.002343 seconds 
  Import took 0.007031 seconds .

========================================================================
Received Import Request.
  Time since last request: 0.000353 seconds.
  path: Assets/Settings/UniversalRP-HighQuality.asset
  artifactKey: Guid(19ba41d7c0026c3459d37c2fe90c55a0) Importer(815301076,1909f56bfc062723c751e8b465ee728b)
Start importing Assets/Settings/UniversalRP-HighQuality.asset using Guid(19ba41d7c0026c3459d37c2fe90c55a0) Importer(815301076,1909f56bfc062723c751e8b465ee728b)  -> (artifact id: '02e18c1f933b70f494440bf5e7626866') in 0.003412 seconds 
  Import took 0.008149 seconds .

========================================================================
Received Import Request.
  Time since last request: 37.776766 seconds.
  path: Assets/Free_SpeedTrees/Broadleaf_Desktop.spm
  artifactKey: Guid(b6972eaa35c2e574e8ab5083a59d8459) Importer(815301076,1909f56bfc062723c751e8b465ee728b)
Start importing Assets/Free_SpeedTrees/Broadleaf_Desktop.spm using Guid(b6972eaa35c2e574e8ab5083a59d8459) Importer(815301076,1909f56bfc062723c751e8b465ee728b)  -> (artifact id: '8d23ee35570e7948605148ba1f1bb57d') in 0.845695 seconds 
  Import took 0.851294 seconds .

========================================================================
Received Import Request.
  Time since last request: 0.000279 seconds.
  path: Assets/Free_SpeedTrees/Broadleaf_Mobile.spm
  artifactKey: Guid(1e84b98fc4c200c4aa16e1ec38895673) Importer(815301076,1909f56bfc062723c751e8b465ee728b)
Start importing Assets/Free_SpeedTrees/Broadleaf_Mobile.spm using Guid(1e84b98fc4c200c4aa16e1ec38895673) Importer(815301076,1909f56bfc062723c751e8b465ee728b)  -> (artifact id: '5f1102251f244acc65b891249c070022') in 0.059888 seconds 
  Import took 0.064365 seconds .

========================================================================
Received Import Request.
  Time since last request: 0.000268 seconds.
  path: Assets/Free_SpeedTrees/Broadleaf_Mobile_Atlas.tga
  artifactKey: Guid(aff229c1761713249bcd47b52eae7b9d) Importer(815301076,1909f56bfc062723c751e8b465ee728b)
Start importing Assets/Free_SpeedTrees/Broadleaf_Mobile_Atlas.tga using Guid(aff229c1761713249bcd47b52eae7b9d) Importer(815301076,1909f56bfc062723c751e8b465ee728b)  -> (artifact id: 'c79735719f1ea0f79e71d8f48b732825') in 0.012445 seconds 
  Import took 0.016134 seconds .

========================================================================
Received Import Request.
  Time since last request: 0.000311 seconds.
  path: Assets/Free_SpeedTrees/Broadleaf_Desktop_Atlas_Normal.tga
  artifactKey: Guid(95797b7ad77ef66488f0a638eb46b900) Importer(815301076,1909f56bfc062723c751e8b465ee728b)
Start importing Assets/Free_SpeedTrees/Broadleaf_Desktop_Atlas_Normal.tga using Guid(95797b7ad77ef66488f0a638eb46b900) Importer(815301076,1909f56bfc062723c751e8b465ee728b)  -> (artifact id: '936af8b2c6acca27d6038b4294e136cd') in 0.007956 seconds 
  Import took 0.011545 seconds .

========================================================================
Received Import Request.
  Time since last request: 0.000308 seconds.
  path: Assets/Free_SpeedTrees/Cap_01_Normal.tga
  artifactKey: Guid(28708d8807aed5e4fb6d176a1f42c0d9) Importer(815301076,1909f56bfc062723c751e8b465ee728b)
Start importing Assets/Free_SpeedTrees/Cap_01_Normal.tga using Guid(28708d8807aed5e4fb6d176a1f42c0d9) Importer(815301076,1909f56bfc062723c751e8b465ee728b)  -> (artifact id: 'aa598acf0dddda26b872818d9987b36d') in 0.024203 seconds 
  Import took 0.028762 seconds .

========================================================================
Received Import Request.
  Time since last request: 0.000322 seconds.
  path: Assets/Free_SpeedTrees/Broadleaf_Mobile_Atlas_Billboards_Normal.tga
  artifactKey: Guid(d08ed16db3ffed749b2a182a220ec7e8) Importer(815301076,1909f56bfc062723c751e8b465ee728b)
Start importing Assets/Free_SpeedTrees/Broadleaf_Mobile_Atlas_Billboards_Normal.tga using Guid(d08ed16db3ffed749b2a182a220ec7e8) Importer(815301076,1909f56bfc062723c751e8b465ee728b)  -> (artifact id: '7b9c1e247db9e5f1d196d277dd731a65') in 0.027898 seconds 
  Import took 0.034670 seconds .

========================================================================
Received Import Request.
  Time since last request: 0.000267 seconds.
  path: Assets/Free_SpeedTrees/Conifer_Desktop_Atlas_Normal.tga
  artifactKey: Guid(baaa7978ce9574a4184b4f8e4cfa1b11) Importer(815301076,1909f56bfc062723c751e8b465ee728b)
Start importing Assets/Free_SpeedTrees/Conifer_Desktop_Atlas_Normal.tga using Guid(baaa7978ce9574a4184b4f8e4cfa1b11) Importer(815301076,1909f56bfc062723c751e8b465ee728b)  -> (artifact id: '9bc2cfc5738613b392bd44ad32e32e3d') in 0.009106 seconds 
  Import took 0.014034 seconds .

========================================================================
Received Import Request.
  Time since last request: 0.000259 seconds.
  path: Assets/Free_SpeedTrees/Broadleaf_Desktop_Atlas_Billboards.tga
  artifactKey: Guid(400cf02f268b02e4497feb50a409aaf6) Importer(815301076,1909f56bfc062723c751e8b465ee728b)
Start importing Assets/Free_SpeedTrees/Broadleaf_Desktop_Atlas_Billboards.tga using Guid(400cf02f268b02e4497feb50a409aaf6) Importer(815301076,1909f56bfc062723c751e8b465ee728b)  -> (artifact id: '4e333ca0870e5cfbe833ca169fa34f5d') in 0.015927 seconds 
  Import took 0.020525 seconds .

========================================================================
Received Import Request.
  Time since last request: 0.000250 seconds.
  path: Assets/Free_SpeedTrees/Conifer_Needles_Desktop_Normal.tga
  artifactKey: Guid(3aa94b05cef7fed4eaa649ae8e6eb783) Importer(815301076,1909f56bfc062723c751e8b465ee728b)
Start importing Assets/Free_SpeedTrees/Conifer_Needles_Desktop_Normal.tga using Guid(3aa94b05cef7fed4eaa649ae8e6eb783) Importer(815301076,1909f56bfc062723c751e8b465ee728b)  -> (artifact id: '065666f1d61d5e2e98a99c0b8df64aa9') in 0.008113 seconds 
  Import took 0.012483 seconds .

========================================================================
Received Import Request.
  Time since last request: 0.000256 seconds.
  path: Assets/Free_SpeedTrees/Palm_Desktop_Atlas_Billboards_Normal.tga
  artifactKey: Guid(b98975c2c06423345b8a31d592d0dd30) Importer(815301076,1909f56bfc062723c751e8b465ee728b)
Start importing Assets/Free_SpeedTrees/Palm_Desktop_Atlas_Billboards_Normal.tga using Guid(b98975c2c06423345b8a31d592d0dd30) Importer(815301076,1909f56bfc062723c751e8b465ee728b)  -> (artifact id: 'b1f0bc4f7ad9963ab0fd535587c07038') in 0.015991 seconds 
  Import took 0.020674 seconds .

========================================================================
Received Import Request.
  Time since last request: 0.000288 seconds.
  path: Assets/Free_SpeedTrees/PalmFrond_Normal.tga
  artifactKey: Guid(37d401ed5593db646a078ec27db9eb5e) Importer(815301076,1909f56bfc062723c751e8b465ee728b)
Start importing Assets/Free_SpeedTrees/PalmFrond_Normal.tga using Guid(37d401ed5593db646a078ec27db9eb5e) Importer(815301076,1909f56bfc062723c751e8b465ee728b)  -> (artifact id: 'bc6b09b470b242e5154d51794500eb27') in 0.024160 seconds 
  Import took 0.029412 seconds .

========================================================================
Received Import Request.
  Time since last request: 0.000181 seconds.
  path: Assets/Free_SpeedTrees/Palm_Desktop.spm
  artifactKey: Guid(5c2ecb53217ee6d47845944d5e81b5a6) Importer(815301076,1909f56bfc062723c751e8b465ee728b)
Start importing Assets/Free_SpeedTrees/Palm_Desktop.spm using Guid(5c2ecb53217ee6d47845944d5e81b5a6) Importer(815301076,1909f56bfc062723c751e8b465ee728b)  -> (artifact id: 'a5ee91e9904405e0dc4b0c51fe553f4a') in 0.073635 seconds 
  Import took 0.078958 seconds .

========================================================================
Received Import Request.
  Time since last request: 0.000238 seconds.
  path: Assets/Free_SpeedTrees/Cap_01.tga
  artifactKey: Guid(4c736772015edbc45a598838d178886f) Importer(815301076,1909f56bfc062723c751e8b465ee728b)
Start importing Assets/Free_SpeedTrees/Cap_01.tga using Guid(4c736772015edbc45a598838d178886f) Importer(815301076,1909f56bfc062723c751e8b465ee728b)  -> (artifact id: '50daab7b554a690e79cdd90dfc2ca727') in 0.012775 seconds 
  Import took 0.016571 seconds .

========================================================================
Received Import Request.
  Time since last request: 0.000258 seconds.
  path: Assets/Free_SpeedTrees/ClippedFrond_Normal.tga
  artifactKey: Guid(e399812032ced8c4b91235f1231db905) Importer(815301076,1909f56bfc062723c751e8b465ee728b)
Start importing Assets/Free_SpeedTrees/ClippedFrond_Normal.tga using Guid(e399812032ced8c4b91235f1231db905) Importer(815301076,1909f56bfc062723c751e8b465ee728b)  -> (artifact id: 'd12c4722546da03cc7dded17b1678909') in 0.005518 seconds 
  Import took 0.009197 seconds .

========================================================================
Received Import Request.
  Time since last request: 0.000231 seconds.
  path: Assets/Free_SpeedTrees/Conifer_Desktop_Atlas_Specular.tga
  artifactKey: Guid(73268d3bd099d004c84aa15d081305a7) Importer(815301076,1909f56bfc062723c751e8b465ee728b)
Start importing Assets/Free_SpeedTrees/Conifer_Desktop_Atlas_Specular.tga using Guid(73268d3bd099d004c84aa15d081305a7) Importer(815301076,1909f56bfc062723c751e8b465ee728b)  -> (artifact id: '8ce40dad26618d00baf5d858c1d9ddcd') in 0.005498 seconds 
  Import took 0.009206 seconds .

========================================================================
Received Import Request.
  Time since last request: 0.000256 seconds.
  path: Assets/Free_SpeedTrees/PalmBark_Detail_Normal.tga
  artifactKey: Guid(0a2326416847b0144b84a9af7474a69f) Importer(815301076,1909f56bfc062723c751e8b465ee728b)
Start importing Assets/Free_SpeedTrees/PalmBark_Detail_Normal.tga using Guid(0a2326416847b0144b84a9af7474a69f) Importer(815301076,1909f56bfc062723c751e8b465ee728b)  -> (artifact id: '2946c6c06bb0adbcfaaba9c9095ee579') in 0.005761 seconds 
  Import took 0.009427 seconds .

========================================================================
Received Import Request.
  Time since last request: 0.000243 seconds.
  path: Assets/Free_SpeedTrees/Broadleaf_Desktop_Atlas.tga
  artifactKey: Guid(31018c739fc121f40904965bce982a7e) Importer(815301076,1909f56bfc062723c751e8b465ee728b)
Start importing Assets/Free_SpeedTrees/Broadleaf_Desktop_Atlas.tga using Guid(31018c739fc121f40904965bce982a7e) Importer(815301076,1909f56bfc062723c751e8b465ee728b)  -> (artifact id: 'f9a9191eb1972120cd1074f31f875724') in 0.007341 seconds 
  Import took 0.010996 seconds .

========================================================================
Received Import Request.
  Time since last request: 0.000245 seconds.
  path: Assets/Free_SpeedTrees/Broadleaf_Mobile_Atlas_Normal.tga
  artifactKey: Guid(cae8ecee60430f64b90c5796b575e166) Importer(815301076,1909f56bfc062723c751e8b465ee728b)
Start importing Assets/Free_SpeedTrees/Broadleaf_Mobile_Atlas_Normal.tga using Guid(cae8ecee60430f64b90c5796b575e166) Importer(815301076,1909f56bfc062723c751e8b465ee728b)  -> (artifact id: '4ac2e407f3e6d4e9027833f3a31f3c79') in 0.007599 seconds 
  Import took 0.011238 seconds .

========================================================================
Received Import Request.
  Time since last request: 0.000257 seconds.
  path: Assets/Free_SpeedTrees/Broadleaves_Desktop_Normal.tga
  artifactKey: Guid(ca83d5eb2956aee4e9773b061b826d27) Importer(815301076,1909f56bfc062723c751e8b465ee728b)
Start importing Assets/Free_SpeedTrees/Broadleaves_Desktop_Normal.tga using Guid(ca83d5eb2956aee4e9773b061b826d27) Importer(815301076,1909f56bfc062723c751e8b465ee728b)  -> (artifact id: 'bf980adddd30fdb8b762bc3e10ac0a0a') in 0.005430 seconds 
  Import took 0.009182 seconds .

========================================================================
Received Import Request.
  Time since last request: 0.000263 seconds.
  path: Assets/Free_SpeedTrees/Broadleaves_Mobile_Spec.tga
  artifactKey: Guid(55d21301079feab4f9262aad8851109c) Importer(815301076,1909f56bfc062723c751e8b465ee728b)
Start importing Assets/Free_SpeedTrees/Broadleaves_Mobile_Spec.tga using Guid(55d21301079feab4f9262aad8851109c) Importer(815301076,1909f56bfc062723c751e8b465ee728b)  -> (artifact id: '7ea023e9bf7fdae42a1e8550134647f0') in 0.007143 seconds 
  Import took 0.011347 seconds .

========================================================================
Received Import Request.
  Time since last request: 0.000289 seconds.
  path: Assets/Free_SpeedTrees/BroadleafBark_Normal.tga
  artifactKey: Guid(1f5ec39442ecd0743b110eccfc24d442) Importer(815301076,1909f56bfc062723c751e8b465ee728b)
Start importing Assets/Free_SpeedTrees/BroadleafBark_Normal.tga using Guid(1f5ec39442ecd0743b110eccfc24d442) Importer(815301076,1909f56bfc062723c751e8b465ee728b)  -> (artifact id: '4d62892b2d4fde06a860fc7c040f33c7') in 0.006891 seconds 
  Import took 0.012577 seconds .

========================================================================
Received Import Request.
  Time since last request: 0.000196 seconds.
  path: Assets/Free_SpeedTrees/PalmFrond_Spec.tga
  artifactKey: Guid(ff5ae99d6014df84a89412c1f0ec079e) Importer(815301076,1909f56bfc062723c751e8b465ee728b)
Start importing Assets/Free_SpeedTrees/PalmFrond_Spec.tga using Guid(ff5ae99d6014df84a89412c1f0ec079e) Importer(815301076,1909f56bfc062723c751e8b465ee728b)  -> (artifact id: 'b456090e1587be3c0e4aa281aaa5024c') in 0.006851 seconds 
  Import took 0.013235 seconds .

========================================================================
Received Import Request.
  Time since last request: 0.000148 seconds.
  path: Assets/Free_SpeedTrees/Broadleaves_Card_Desktop_Spec.tga
  artifactKey: Guid(f11e0c60fcaddcd4ca3d2de05ae014c1) Importer(815301076,1909f56bfc062723c751e8b465ee728b)
Start importing Assets/Free_SpeedTrees/Broadleaves_Card_Desktop_Spec.tga using Guid(f11e0c60fcaddcd4ca3d2de05ae014c1) Importer(815301076,1909f56bfc062723c751e8b465ee728b)  -> (artifact id: '982c77e9dcc536d0c6cbbb1653169ad2') in 0.008948 seconds 
  Import took 0.013290 seconds .

========================================================================
Received Import Request.
  Time since last request: 0.000276 seconds.
  path: Assets/Free_SpeedTrees/Broadleaf_Mobile_Atlas_Billboards.tga
  artifactKey: Guid(e9d5f83e9143624479658513c3542ddb) Importer(815301076,1909f56bfc062723c751e8b465ee728b)
Start importing Assets/Free_SpeedTrees/Broadleaf_Mobile_Atlas_Billboards.tga using Guid(e9d5f83e9143624479658513c3542ddb) Importer(815301076,1909f56bfc062723c751e8b465ee728b)  -> (artifact id: 'd19b4b04451a197aa3e81766641ebaa4') in 0.007792 seconds 
  Import took 0.012672 seconds .

========================================================================
Received Import Request.
  Time since last request: 0.000199 seconds.
  path: Assets/Free_SpeedTrees/Conifer_Desktop_Atlas_Billboards.tga
  artifactKey: Guid(b6b6a150997c48847a2e282d7758946e) Importer(815301076,1909f56bfc062723c751e8b465ee728b)
Start importing Assets/Free_SpeedTrees/Conifer_Desktop_Atlas_Billboards.tga using Guid(b6b6a150997c48847a2e282d7758946e) Importer(815301076,1909f56bfc062723c751e8b465ee728b)  -> (artifact id: '4bd21eafa045bf872e817246573cfe82') in 0.007741 seconds 
  Import took 0.012327 seconds .

========================================================================
Received Import Request.
  Time since last request: 0.000285 seconds.
  path: Assets/Free_SpeedTrees/ClippedFrond.tga
  artifactKey: Guid(92b189208338b724f828f66e4eb40478) Importer(815301076,1909f56bfc062723c751e8b465ee728b)
Start importing Assets/Free_SpeedTrees/ClippedFrond.tga using Guid(92b189208338b724f828f66e4eb40478) Importer(815301076,1909f56bfc062723c751e8b465ee728b)  -> (artifact id: '16542bb3784ec1652a391f56a491e868') in 0.006426 seconds 
  Import took 0.011546 seconds .

========================================================================
Received Import Request.
  Time since last request: 0.000206 seconds.
  path: Assets/Free_SpeedTrees/Broadleaves_Desktop_Spec.tga
  artifactKey: Guid(8aa20d044431d7146a3169d49aac11bf) Importer(815301076,1909f56bfc062723c751e8b465ee728b)
Start importing Assets/Free_SpeedTrees/Broadleaves_Desktop_Spec.tga using Guid(8aa20d044431d7146a3169d49aac11bf) Importer(815301076,1909f56bfc062723c751e8b465ee728b)  -> (artifact id: 'efccaed4018d184377acd92da7b18074') in 0.007098 seconds 
  Import took 0.012989 seconds .

========================================================================
Received Import Request.
  Time since last request: 0.000235 seconds.
  path: Assets/Free_SpeedTrees/ConiferBark_Normal.tga
  artifactKey: Guid(f37a87d1d87d5994493dcd34c80cd320) Importer(815301076,1909f56bfc062723c751e8b465ee728b)
Start importing Assets/Free_SpeedTrees/ConiferBark_Normal.tga using Guid(f37a87d1d87d5994493dcd34c80cd320) Importer(815301076,1909f56bfc062723c751e8b465ee728b)  -> (artifact id: '5db6466548d71d15404219aafb082e1d') in 0.007539 seconds 
  Import took 0.012023 seconds .

========================================================================
Received Import Request.
  Time since last request: 0.000239 seconds.
  path: Assets/Free_SpeedTrees/PalmBark_Detail.tga
  artifactKey: Guid(8b7a06b5540df73499b1ca9e9a99f815) Importer(815301076,1909f56bfc062723c751e8b465ee728b)
Start importing Assets/Free_SpeedTrees/PalmBark_Detail.tga using Guid(8b7a06b5540df73499b1ca9e9a99f815) Importer(815301076,1909f56bfc062723c751e8b465ee728b)  -> (artifact id: '2d8ed922e7b27ce3390c528424385032') in 0.007552 seconds 
  Import took 0.012533 seconds .

========================================================================
Received Import Request.
  Time since last request: 0.000282 seconds.
  path: Assets/Free_SpeedTrees/Palm_Desktop_Atlas_Billboards.tga
  artifactKey: Guid(084d7ceca59c0ac47928eb2300496432) Importer(815301076,1909f56bfc062723c751e8b465ee728b)
Start importing Assets/Free_SpeedTrees/Palm_Desktop_Atlas_Billboards.tga using Guid(084d7ceca59c0ac47928eb2300496432) Importer(815301076,1909f56bfc062723c751e8b465ee728b)  -> (artifact id: 'd150d51a944abfb184fae072e97e26fb') in 0.007065 seconds 
  Import took 0.011598 seconds .

========================================================================
Received Import Request.
  Time since last request: 0.000176 seconds.
  path: Assets/Free_SpeedTrees/BroadleafBark.tga
  artifactKey: Guid(8388ef004037cfb4bb078b578e3ed979) Importer(815301076,1909f56bfc062723c751e8b465ee728b)
Start importing Assets/Free_SpeedTrees/BroadleafBark.tga using Guid(8388ef004037cfb4bb078b578e3ed979) Importer(815301076,1909f56bfc062723c751e8b465ee728b)  -> (artifact id: 'c450672b312adf8d232e344df895dc08') in 0.005332 seconds 
  Import took 0.010259 seconds .

========================================================================
Received Import Request.
  Time since last request: 0.000456 seconds.
  path: Assets/Free_SpeedTrees/PalmFrond.tga
  artifactKey: Guid(ded5a4d59b5ef9c4bb5aa8a8d57b5fd2) Importer(815301076,1909f56bfc062723c751e8b465ee728b)
Start importing Assets/Free_SpeedTrees/PalmFrond.tga using Guid(ded5a4d59b5ef9c4bb5aa8a8d57b5fd2) Importer(815301076,1909f56bfc062723c751e8b465ee728b)  -> (artifact id: '36de49b02e017152c02360429da995d9') in 0.006546 seconds 
  Import took 0.011146 seconds .

========================================================================
Received Import Request.
  Time since last request: 0.000183 seconds.
  path: Assets/Free_SpeedTrees/Broadleaves_Mobile.tga
  artifactKey: Guid(fda4b0464694cfc4ea753953e2b5c879) Importer(815301076,1909f56bfc062723c751e8b465ee728b)
Start importing Assets/Free_SpeedTrees/Broadleaves_Mobile.tga using Guid(fda4b0464694cfc4ea753953e2b5c879) Importer(815301076,1909f56bfc062723c751e8b465ee728b)  -> (artifact id: 'ac3f18924e5fda1b82e02a98195b1f12') in 0.010805 seconds 
  Import took 0.015368 seconds .

========================================================================
Received Import Request.
  Time since last request: 0.000249 seconds.
  path: Assets/Free_SpeedTrees/Broadleaves.obj
  artifactKey: Guid(cf3c778055c27074b849beaac044a88b) Importer(815301076,1909f56bfc062723c751e8b465ee728b)
Start importing Assets/Free_SpeedTrees/Broadleaves.obj using Guid(cf3c778055c27074b849beaac044a88b) Importer(815301076,1909f56bfc062723c751e8b465ee728b)  -> (artifact id: '5ea95507f7d7bed0a89e73e46643ce56') in 0.020311 seconds 
  Import took 0.024593 seconds .

========================================================================
Received Import Request.
  Time since last request: 0.000170 seconds.
  path: Assets/Free_SpeedTrees/Conifer_Needles_Desktop.tga
  artifactKey: Guid(7e67582339870f24596151c8ec9d2bd9) Importer(815301076,1909f56bfc062723c751e8b465ee728b)
Start importing Assets/Free_SpeedTrees/Conifer_Needles_Desktop.tga using Guid(7e67582339870f24596151c8ec9d2bd9) Importer(815301076,1909f56bfc062723c751e8b465ee728b)  -> (artifact id: '3fbd8578f162c7318418c1b106b4c670') in 0.005140 seconds 
  Import took 0.009031 seconds .

========================================================================
Received Import Request.
  Time since last request: 0.000154 seconds.
  path: Assets/Free_SpeedTrees/PalmBark.tga
  artifactKey: Guid(73cac1ea7f4e8d644a257032a71360a5) Importer(815301076,1909f56bfc062723c751e8b465ee728b)
Start importing Assets/Free_SpeedTrees/PalmBark.tga using Guid(73cac1ea7f4e8d644a257032a71360a5) Importer(815301076,1909f56bfc062723c751e8b465ee728b)  -> (artifact id: 'ddf0fe892818280f96fea55377cc82aa') in 0.004884 seconds 
  Import took 0.008603 seconds .

========================================================================
Received Import Request.
  Time since last request: 0.000149 seconds.
  path: Assets/Free_SpeedTrees/ConiferBark.tga
  artifactKey: Guid(29902be09adfaa44d879f4d96eea5d5e) Importer(815301076,1909f56bfc062723c751e8b465ee728b)
Start importing Assets/Free_SpeedTrees/ConiferBark.tga using Guid(29902be09adfaa44d879f4d96eea5d5e) Importer(815301076,1909f56bfc062723c751e8b465ee728b)  -> (artifact id: '1dd6ce7e8aafe557b8a85499a96676f5') in 0.004858 seconds 
  Import took 0.008563 seconds .

========================================================================
Received Import Request.
  Time since last request: 0.000147 seconds.
  path: Assets/Free_SpeedTrees/Conifer_Needles_Dekstop_Spec.tga
  artifactKey: Guid(09510e72a92b53449aa8ac24fd74d06f) Importer(815301076,1909f56bfc062723c751e8b465ee728b)
Start importing Assets/Free_SpeedTrees/Conifer_Needles_Dekstop_Spec.tga using Guid(09510e72a92b53449aa8ac24fd74d06f) Importer(815301076,1909f56bfc062723c751e8b465ee728b)  -> (artifact id: 'd33ebc53ff9e3432f521e98303388f9c') in 0.005079 seconds 
  Import took 0.008726 seconds .

========================================================================
Received Import Request.
  Time since last request: 0.000182 seconds.
  path: Assets/Free_SpeedTrees/Palm_Desktop_Atlas.tga
  artifactKey: Guid(b15094df28b3a074fb23b0d7e6a30823) Importer(815301076,1909f56bfc062723c751e8b465ee728b)
Start importing Assets/Free_SpeedTrees/Palm_Desktop_Atlas.tga using Guid(b15094df28b3a074fb23b0d7e6a30823) Importer(815301076,1909f56bfc062723c751e8b465ee728b)  -> (artifact id: 'ff2aa567bd2b0dd18a812d6ecdb6c57d') in 0.006669 seconds 
  Import took 0.011222 seconds .

========================================================================
Received Import Request.
  Time since last request: 0.000183 seconds.
  path: Assets/Free_SpeedTrees/Palm_Desktop_Atlas_Normal.tga
  artifactKey: Guid(accfd802ffccef54295c2df37645a2f2) Importer(815301076,1909f56bfc062723c751e8b465ee728b)
Start importing Assets/Free_SpeedTrees/Palm_Desktop_Atlas_Normal.tga using Guid(accfd802ffccef54295c2df37645a2f2) Importer(815301076,1909f56bfc062723c751e8b465ee728b)  -> (artifact id: 'efefc966a9e74c9bb2facfe37e421e1d') in 0.008892 seconds 
  Import took 0.013837 seconds .

========================================================================
Received Import Request.
  Time since last request: 0.000215 seconds.
  path: Assets/Free_SpeedTrees/Broadleaf_Desktop_Atlas_Specular.tga
  artifactKey: Guid(331fab33425f2a443a5533996e30c2f3) Importer(815301076,1909f56bfc062723c751e8b465ee728b)
Start importing Assets/Free_SpeedTrees/Broadleaf_Desktop_Atlas_Specular.tga using Guid(331fab33425f2a443a5533996e30c2f3) Importer(815301076,1909f56bfc062723c751e8b465ee728b)  -> (artifact id: '0382fd7a9c4afcf489865ff593235a23') in 0.009734 seconds 
  Import took 0.015342 seconds .

========================================================================
Received Import Request.
  Time since last request: 0.000290 seconds.
  path: Assets/Free_SpeedTrees/Cap_02_Normal.tga
  artifactKey: Guid(087603efcf9e15c4fa292a1ba47041f7) Importer(815301076,1909f56bfc062723c751e8b465ee728b)
Start importing Assets/Free_SpeedTrees/Cap_02_Normal.tga using Guid(087603efcf9e15c4fa292a1ba47041f7) Importer(815301076,1909f56bfc062723c751e8b465ee728b)  -> (artifact id: '9fe4a4d8f5314935060fb262bbe5d1df') in 0.007484 seconds 
  Import took 0.013552 seconds .

========================================================================
Received Import Request.
  Time since last request: 0.000239 seconds.
  path: Assets/Free_SpeedTrees/Conifer_Desktop_Atlas.tga
  artifactKey: Guid(6252e35b1ca7f8a41bee8af931e1518a) Importer(815301076,1909f56bfc062723c751e8b465ee728b)
Start importing Assets/Free_SpeedTrees/Conifer_Desktop_Atlas.tga using Guid(6252e35b1ca7f8a41bee8af931e1518a) Importer(815301076,1909f56bfc062723c751e8b465ee728b)  -> (artifact id: '29a54005a611fda1a03e019a00f81acb') in 0.006364 seconds 
  Import took 0.011283 seconds .

========================================================================
Received Import Request.
  Time since last request: 0.000196 seconds.
  path: Assets/Free_SpeedTrees/Broadleaves_Card_Desktop_Normal.tga
  artifactKey: Guid(ba3df608f71aa66459b42227a3bfe843) Importer(815301076,1909f56bfc062723c751e8b465ee728b)
Start importing Assets/Free_SpeedTrees/Broadleaves_Card_Desktop_Normal.tga using Guid(ba3df608f71aa66459b42227a3bfe843) Importer(815301076,1909f56bfc062723c751e8b465ee728b)  -> (artifact id: '296a54844ef369fc67b8532d1757cec6') in 0.006329 seconds 
  Import took 0.011632 seconds .

========================================================================
Received Import Request.
  Time since last request: 0.000182 seconds.
  path: Assets/Free_SpeedTrees/Broadleaf_Mobile_Atlas_Specular.tga
  artifactKey: Guid(2fae588f60ac4474ea0fb25519d51427) Importer(815301076,1909f56bfc062723c751e8b465ee728b)
Start importing Assets/Free_SpeedTrees/Broadleaf_Mobile_Atlas_Specular.tga using Guid(2fae588f60ac4474ea0fb25519d51427) Importer(815301076,1909f56bfc062723c751e8b465ee728b)  -> (artifact id: 'e9ee15ddba843c55c390ba03915731e5') in 0.008090 seconds 
  Import took 0.012970 seconds .

========================================================================
Received Import Request.
  Time since last request: 0.000179 seconds.
  path: Assets/Free_SpeedTrees/Conifer_Desktop.spm
  artifactKey: Guid(70417e08343ef354db9a6c398faf67bc) Importer(815301076,1909f56bfc062723c751e8b465ee728b)
Start importing Assets/Free_SpeedTrees/Conifer_Desktop.spm using Guid(70417e08343ef354db9a6c398faf67bc) Importer(815301076,1909f56bfc062723c751e8b465ee728b)  -> (artifact id: '120637e4039a2880a29bafa6aee5095d') in 0.052282 seconds 
  Import took 0.057077 seconds .

========================================================================
Received Import Request.
  Time since last request: 0.000166 seconds.
  path: Assets/Free_SpeedTrees/Cap_02.tga
  artifactKey: Guid(1e84037f5ea09ab4591dfa710d05aea0) Importer(815301076,1909f56bfc062723c751e8b465ee728b)
Start importing Assets/Free_SpeedTrees/Cap_02.tga using Guid(1e84037f5ea09ab4591dfa710d05aea0) Importer(815301076,1909f56bfc062723c751e8b465ee728b)  -> (artifact id: '04b3ecd77c3113c7c672a1652fa45686') in 0.006170 seconds 
  Import took 0.009904 seconds .

========================================================================
Received Import Request.
  Time since last request: 0.000195 seconds.
  path: Assets/Free_SpeedTrees/Palm_Desktop_Atlas_Specular.tga
  artifactKey: Guid(74e4b8a9d329a9d4da4f2280b142d8c2) Importer(815301076,1909f56bfc062723c751e8b465ee728b)
Start importing Assets/Free_SpeedTrees/Palm_Desktop_Atlas_Specular.tga using Guid(74e4b8a9d329a9d4da4f2280b142d8c2) Importer(815301076,1909f56bfc062723c751e8b465ee728b)  -> (artifact id: 'd454d3ac6dd0114adee756c709361464') in 0.006135 seconds 
  Import took 0.010629 seconds .

========================================================================
Received Import Request.
  Time since last request: 0.000053 seconds.
  path: Assets/Free_SpeedTrees/Conifer_Desktop_Atlas_Billboards_Normal.tga
  artifactKey: Guid(b40ea9e85cab82240b343e59cba9e540) Importer(815301076,1909f56bfc062723c751e8b465ee728b)
Start importing Assets/Free_SpeedTrees/Conifer_Desktop_Atlas_Billboards_Normal.tga using Guid(b40ea9e85cab82240b343e59cba9e540) Importer(815301076,1909f56bfc062723c751e8b465ee728b)  -> (artifact id: '6877549dd63f9cc63fc61f6ead01341b') in 0.007339 seconds 
  Import took 0.012158 seconds .

========================================================================
Received Import Request.
  Time since last request: 0.000190 seconds.
  path: Assets/Free_SpeedTrees/Broadleaf_Desktop_Atlas_Billboards_Normal.tga
  artifactKey: Guid(9eee8eb4a2dc9b544acbad65d658bae6) Importer(815301076,1909f56bfc062723c751e8b465ee728b)
Start importing Assets/Free_SpeedTrees/Broadleaf_Desktop_Atlas_Billboards_Normal.tga using Guid(9eee8eb4a2dc9b544acbad65d658bae6) Importer(815301076,1909f56bfc062723c751e8b465ee728b)  -> (artifact id: '0306be48f847e537623b2430a3b004ca') in 0.008617 seconds 
  Import took 0.013865 seconds .

========================================================================
Received Import Request.
  Time since last request: 0.000231 seconds.
  path: Assets/Free_SpeedTrees/Broadleaves_Card_Desktop.tga
  artifactKey: Guid(e64cf5c9456ef684aaff7b60939f2eaa) Importer(815301076,1909f56bfc062723c751e8b465ee728b)
Start importing Assets/Free_SpeedTrees/Broadleaves_Card_Desktop.tga using Guid(e64cf5c9456ef684aaff7b60939f2eaa) Importer(815301076,1909f56bfc062723c751e8b465ee728b)  -> (artifact id: 'fa12bd04ccbd3411f332153d9655234f') in 0.007316 seconds 
  Import took 0.012140 seconds .

========================================================================
Received Import Request.
  Time since last request: 0.000217 seconds.
  path: Assets/Free_SpeedTrees/Broadleaves_Mobile_Normal.tga
  artifactKey: Guid(43fb5de94234b754c904d3a30aa4c2f4) Importer(815301076,1909f56bfc062723c751e8b465ee728b)
Start importing Assets/Free_SpeedTrees/Broadleaves_Mobile_Normal.tga using Guid(43fb5de94234b754c904d3a30aa4c2f4) Importer(815301076,1909f56bfc062723c751e8b465ee728b)  -> (artifact id: '9b616ec7c418419982e12a230581fa03') in 0.007353 seconds 
  Import took 0.012496 seconds .

========================================================================
Received Import Request.
  Time since last request: 0.000218 seconds.
  path: Assets/Free_SpeedTrees/Broadleaves_Desktop.tga
  artifactKey: Guid(ce9dea0a872176a4c894d4bcfb48fd18) Importer(815301076,1909f56bfc062723c751e8b465ee728b)
Start importing Assets/Free_SpeedTrees/Broadleaves_Desktop.tga using Guid(ce9dea0a872176a4c894d4bcfb48fd18) Importer(815301076,1909f56bfc062723c751e8b465ee728b)  -> (artifact id: '6c78f9877eefbe83b2feecc86e150288') in 0.006323 seconds 
  Import took 0.011529 seconds .

========================================================================
Received Import Request.
  Time since last request: 0.000231 seconds.
  path: Assets/Free_SpeedTrees/PalmBark_Normal.tga
  artifactKey: Guid(848a6ba0b902217489e437776cba0a85) Importer(815301076,1909f56bfc062723c751e8b465ee728b)
Start importing Assets/Free_SpeedTrees/PalmBark_Normal.tga using Guid(848a6ba0b902217489e437776cba0a85) Importer(815301076,1909f56bfc062723c751e8b465ee728b)  -> (artifact id: '1aa257dc18c9b9fb85c6d00e47776b24') in 0.006107 seconds 
  Import took 0.011676 seconds .

========================================================================
Received Import Request.
  Time since last request: 3.203184 seconds.
  path: Assets/Free_SpeedTrees/Palm_Desktop Materials
  artifactKey: Guid(c50ae444b8d5ccb4c85797a1189813e3) Importer(815301076,1909f56bfc062723c751e8b465ee728b)
Start importing Assets/Free_SpeedTrees/Palm_Desktop Materials using Guid(c50ae444b8d5ccb4c85797a1189813e3) Importer(815301076,1909f56bfc062723c751e8b465ee728b)  -> (artifact id: '74d163c85f834a9e82a250ed90f084c5') in 0.002073 seconds 
  Import took 0.006269 seconds .

========================================================================
Received Import Request.
  Time since last request: 1.577591 seconds.
  path: Assets/Free_SpeedTrees/Conifer_Desktop Materials
  artifactKey: Guid(9ff3bb1b8fe26c743884d8e3c209a542) Importer(815301076,1909f56bfc062723c751e8b465ee728b)
Start importing Assets/Free_SpeedTrees/Conifer_Desktop Materials using Guid(9ff3bb1b8fe26c743884d8e3c209a542) Importer(815301076,1909f56bfc062723c751e8b465ee728b)  -> (artifact id: '5215e7db5da8ec3397db37d4d619570b') in 0.001781 seconds 
  Import took 0.006269 seconds .

========================================================================
Received Import Request.
  Time since last request: 1.978152 seconds.
  path: Assets/Free_SpeedTrees/Broadleaf_Mobile Materials
  artifactKey: Guid(36fa7e1e0c53aae49a9a01f9857405db) Importer(815301076,1909f56bfc062723c751e8b465ee728b)
Start importing Assets/Free_SpeedTrees/Broadleaf_Mobile Materials using Guid(36fa7e1e0c53aae49a9a01f9857405db) Importer(815301076,1909f56bfc062723c751e8b465ee728b)  -> (artifact id: '4f511c8533babb617240497f46e88b97') in 0.001249 seconds 
  Import took 0.006443 seconds .

========================================================================
Received Import Request.
  Time since last request: 0.656637 seconds.
  path: Assets/Free_SpeedTrees/Broadleaf_Desktop Materials
  artifactKey: Guid(8c3a3d194d8b16d42bcfbdb03dd61bb1) Importer(815301076,1909f56bfc062723c751e8b465ee728b)
Start importing Assets/Free_SpeedTrees/Broadleaf_Desktop Materials using Guid(8c3a3d194d8b16d42bcfbdb03dd61bb1) Importer(815301076,1909f56bfc062723c751e8b465ee728b)  -> (artifact id: '8a690faf41581f92c56b3567c52ade95') in 0.001749 seconds 
  Import took 0.006734 seconds .

========================================================================
Received Import Request.
  Time since last request: 37.448695 seconds.
  path: Assets/Free_SpeedTrees/Materials
  artifactKey: Guid(65f2885cc16a35745817ed2c5ac6c12a) Importer(815301076,1909f56bfc062723c751e8b465ee728b)
Start importing Assets/Free_SpeedTrees/Materials using Guid(65f2885cc16a35745817ed2c5ac6c12a) Importer(815301076,1909f56bfc062723c751e8b465ee728b)  -> (artifact id: '5e324659e221bc9e2564c74a2f2c4af1') in 0.001572 seconds 
  Import took 0.006003 seconds .

========================================================================
Received Import Request.
  Time since last request: 0.953468 seconds.
  path: Assets/Free_SpeedTrees/Materials/diamondMat.mat
  artifactKey: Guid(e173b93d2b7da60428b1b0b56087e7f3) Importer(815301076,1909f56bfc062723c751e8b465ee728b)
Start importing Assets/Free_SpeedTrees/Materials/diamondMat.mat using Guid(e173b93d2b7da60428b1b0b56087e7f3) Importer(815301076,1909f56bfc062723c751e8b465ee728b)  -> (artifact id: '72805b44c9b922960a81abb4b9f013e2') in 0.006804 seconds 
  Import took 0.011344 seconds .

========================================================================
Received Import Request.
  Time since last request: 944.526525 seconds.
  path: Assets/Textures/NewLayer 3.terrainlayer
  artifactKey: Guid(80c9dd6861d7e834c84e3ba10a43df8a) Importer(815301076,1909f56bfc062723c751e8b465ee728b)
Start importing Assets/Textures/NewLayer 3.terrainlayer using Guid(80c9dd6861d7e834c84e3ba10a43df8a) Importer(815301076,1909f56bfc062723c751e8b465ee728b)  -> (artifact id: '7b7dc9b55b6393d0c912eaf10ef39ca4') in 0.023149 seconds 
  Import took 0.028848 seconds .

========================================================================
Received Import Request.
  Time since last request: 17.232699 seconds.
  path: Assets/Textures/NewLayer 2.terrainlayer
  artifactKey: Guid(5d0ed061de411ae4ca6913bf0f6fcc0f) Importer(815301076,1909f56bfc062723c751e8b465ee728b)
Start importing Assets/Textures/NewLayer 2.terrainlayer using Guid(5d0ed061de411ae4ca6913bf0f6fcc0f) Importer(815301076,1909f56bfc062723c751e8b465ee728b)  -> (artifact id: '0cfebf7d8d2e1d3dc7c0758cfb87e4eb') in 0.010060 seconds 
  Import took 0.014277 seconds .

========================================================================
Received Import Request.
  Time since last request: 0.433714 seconds.
  path: Assets/Textures/NewLayer 1.terrainlayer
  artifactKey: Guid(1afd97df7e48aa84b845ad00abd86cec) Importer(815301076,1909f56bfc062723c751e8b465ee728b)
Start importing Assets/Textures/NewLayer 1.terrainlayer using Guid(1afd97df7e48aa84b845ad00abd86cec) Importer(815301076,1909f56bfc062723c751e8b465ee728b)  -> (artifact id: '717c857e69db687445423fb17557b0bf') in 0.008780 seconds 
  Import took 0.013705 seconds .

========================================================================
Received Prepare
Registering precompiled user dll's ...
Registered in 0.002583 seconds.
Begin MonoManager ReloadAssembly
Native extension for WindowsStandalone target not found
Refreshing native plugins compatible for Editor in 0.61 ms, found 2 plugins.
Preloading 0 native plugins for Editor in 0.00 ms.
Mono: successfully reloaded assembly
- Completed reload, in  1.100 seconds
Domain Reload Profiling:
	ReloadAssembly (1101ms)
		BeginReloadAssembly (127ms)
			ExecutionOrderSort (0ms)
			DisableScriptedObjects (7ms)
			BackupInstance (0ms)
			ReleaseScriptingObjects (0ms)
			CreateAndSetChildDomain (40ms)
		EndReloadAssembly (909ms)
			LoadAssemblies (90ms)
			RebuildTransferFunctionScriptingTraits (0ms)
			SetupTypeCache (321ms)
			ReleaseScriptCaches (1ms)
			RebuildScriptCaches (43ms)
			SetupLoadedEditorAssemblies (297ms)
				LogAssemblyErrors (0ms)
				InitializePlatformSupportModulesInManaged (5ms)
				SetLoadedEditorAssemblies (1ms)
				RefreshPlugins (1ms)
				BeforeProcessingInitializeOnLoad (63ms)
				ProcessInitializeOnLoadAttributes (218ms)
				ProcessInitializeOnLoadMethodAttributes (4ms)
				AfterProcessingInitializeOnLoad (6ms)
				EditorAssembliesLoaded (0ms)
			ExecutionOrderSort2 (0ms)
			AwakeInstancesAfterBackupRestoration (17ms)
Platform modules already initialized, skipping
Refreshing native plugins compatible for Editor in 0.63 ms, found 2 plugins.
Preloading 0 native plugins for Editor in 0.00 ms.
Unloading 2603 Unused Serialized files (Serialized files now loaded: 0)
System memory in use before: 129.6 MB.
System memory in use after: 129.9 MB.

Unloading 12 unused Assets to reduce memory usage. Loaded Objects now: 3289.
Total: 3.771900 ms (FindLiveObjects: 0.261400 ms CreateObjectMapping: 0.141000 ms MarkObjects: 3.329800 ms  DeleteObjects: 0.038900 ms)

AssetImportParameters requested are different than current active one (requested -> active):
  custom:framework-win-MediaFoundation: 216162199b28c13a410421893ffa2e32 -> 
  custom:video-decoder-ogg-theora: a1e56fd34408186e4bbccfd4996cb3dc -> 
  custom:container-muxer-webm: aa71ff27fc2769a1b78a27578f13a17b -> 
  custom:container-demuxer-webm: 4f35f7cbe854078d1ac9338744f61a02 -> 
  custom:container-demuxer-ogg: 62fdf1f143b41e24485cea50d1cbac27 -> 
  custom:video-encoder-webm-vp8: eb34c28f22e8b96e1ab97ce403110664 -> 
  custom:video-decoder-webm-vp8: 9c59270c3fd7afecdb556c50c9e8de78 -> 
  custom:audio-decoder-ogg-vorbis: bf7c407c2cedff20999df2af8eb42d56 -> 
  custom:audio-encoder-webm-vorbis: bf7c407c2cedff20999df2af8eb42d56 -> 
========================================================================
Received Prepare
Registering precompiled user dll's ...
Registered in 0.002472 seconds.
Begin MonoManager ReloadAssembly
Native extension for WindowsStandalone target not found
Refreshing native plugins compatible for Editor in 0.50 ms, found 2 plugins.
Preloading 0 native plugins for Editor in 0.00 ms.
Mono: successfully reloaded assembly
- Completed reload, in  1.084 seconds
Domain Reload Profiling:
	ReloadAssembly (1085ms)
		BeginReloadAssembly (117ms)
			ExecutionOrderSort (0ms)
			DisableScriptedObjects (5ms)
			BackupInstance (0ms)
			ReleaseScriptingObjects (0ms)
			CreateAndSetChildDomain (35ms)
		EndReloadAssembly (902ms)
			LoadAssemblies (88ms)
			RebuildTransferFunctionScriptingTraits (0ms)
			SetupTypeCache (315ms)
			ReleaseScriptCaches (1ms)
			RebuildScriptCaches (44ms)
			SetupLoadedEditorAssemblies (302ms)
				LogAssemblyErrors (0ms)
				InitializePlatformSupportModulesInManaged (5ms)
				SetLoadedEditorAssemblies (0ms)
				RefreshPlugins (1ms)
				BeforeProcessingInitializeOnLoad (64ms)
				ProcessInitializeOnLoadAttributes (222ms)
				ProcessInitializeOnLoadMethodAttributes (4ms)
				AfterProcessingInitializeOnLoad (6ms)
				EditorAssembliesLoaded (0ms)
			ExecutionOrderSort2 (0ms)
			AwakeInstancesAfterBackupRestoration (17ms)
Platform modules already initialized, skipping
Refreshing native plugins compatible for Editor in 0.52 ms, found 2 plugins.
Preloading 0 native plugins for Editor in 0.00 ms.
Unloading 2595 Unused Serialized files (Serialized files now loaded: 0)
System memory in use before: 129.1 MB.
System memory in use after: 129.3 MB.

Unloading 12 unused Assets to reduce memory usage. Loaded Objects now: 3291.
Total: 4.156300 ms (FindLiveObjects: 0.282900 ms CreateObjectMapping: 0.147200 ms MarkObjects: 3.687600 ms  DeleteObjects: 0.037500 ms)

AssetImportParameters requested are different than current active one (requested -> active):
  custom:framework-win-MediaFoundation: 216162199b28c13a410421893ffa2e32 -> 
  custom:video-decoder-ogg-theora: a1e56fd34408186e4bbccfd4996cb3dc -> 
  custom:container-muxer-webm: aa71ff27fc2769a1b78a27578f13a17b -> 
  custom:container-demuxer-webm: 4f35f7cbe854078d1ac9338744f61a02 -> 
  custom:container-demuxer-ogg: 62fdf1f143b41e24485cea50d1cbac27 -> 
  custom:video-encoder-webm-vp8: eb34c28f22e8b96e1ab97ce403110664 -> 
  custom:video-decoder-webm-vp8: 9c59270c3fd7afecdb556c50c9e8de78 -> 
  custom:audio-decoder-ogg-vorbis: bf7c407c2cedff20999df2af8eb42d56 -> 
  custom:audio-encoder-webm-vorbis: bf7c407c2cedff20999df2af8eb42d56 -> 
========================================================================
Received Import Request.
  Time since last request: 339.195790 seconds.
  path: Assets/Textures/NewLayer.terrainlayer
  artifactKey: Guid(60159287ea60027478970eaa43e3c56d) Importer(815301076,1909f56bfc062723c751e8b465ee728b)
Start importing Assets/Textures/NewLayer.terrainlayer using Guid(60159287ea60027478970eaa43e3c56d) Importer(815301076,1909f56bfc062723c751e8b465ee728b)  -> (artifact id: '0e3b9c3963e9983cbe1b22ee409f34f9') in 0.044335 seconds 
  Import took 0.048877 seconds .

========================================================================
Received Import Request.
  Time since last request: 40.610938 seconds.
  path: Assets/Textures/hierba_T.png
  artifactKey: Guid(8bb75291360ad094ba60ca3ea455f264) Importer(815301076,1909f56bfc062723c751e8b465ee728b)
Start importing Assets/Textures/hierba_T.png using Guid(8bb75291360ad094ba60ca3ea455f264) Importer(815301076,1909f56bfc062723c751e8b465ee728b)  -> (artifact id: 'a23af4ae7cd0c7525e0c127740cb41b4') in 0.016836 seconds 
  Import took 0.021171 seconds .

========================================================================
Received Import Request.
  Time since last request: 219.575127 seconds.
  path: Assets/Textures/hierba_T.png
  artifactKey: Guid(8bb75291360ad094ba60ca3ea455f264) Importer(815301076,1909f56bfc062723c751e8b465ee728b)
Start importing Assets/Textures/hierba_T.png using Guid(8bb75291360ad094ba60ca3ea455f264) Importer(815301076,1909f56bfc062723c751e8b465ee728b)  -> (artifact id: '7f39a39508e63fccefd18b9f75dee853') in 0.021615 seconds 
  Import took 0.026534 seconds .

========================================================================
Received Prepare
Registering precompiled user dll's ...
Registered in 0.003608 seconds.
Begin MonoManager ReloadAssembly
Native extension for WindowsStandalone target not found
Refreshing native plugins compatible for Editor in 0.57 ms, found 2 plugins.
Preloading 0 native plugins for Editor in 0.00 ms.
Mono: successfully reloaded assembly
- Completed reload, in  1.264 seconds
Domain Reload Profiling:
	ReloadAssembly (1264ms)
		BeginReloadAssembly (137ms)
			ExecutionOrderSort (0ms)
			DisableScriptedObjects (6ms)
			BackupInstance (0ms)
			ReleaseScriptingObjects (0ms)
			CreateAndSetChildDomain (44ms)
		EndReloadAssembly (1051ms)
			LoadAssemblies (106ms)
			RebuildTransferFunctionScriptingTraits (0ms)
			SetupTypeCache (377ms)
			ReleaseScriptCaches (1ms)
			RebuildScriptCaches (50ms)
			SetupLoadedEditorAssemblies (343ms)
				LogAssemblyErrors (0ms)
				InitializePlatformSupportModulesInManaged (5ms)
				SetLoadedEditorAssemblies (0ms)
				RefreshPlugins (1ms)
				BeforeProcessingInitializeOnLoad (70ms)
				ProcessInitializeOnLoadAttributes (253ms)
				ProcessInitializeOnLoadMethodAttributes (5ms)
				AfterProcessingInitializeOnLoad (8ms)
				EditorAssembliesLoaded (0ms)
			ExecutionOrderSort2 (0ms)
			AwakeInstancesAfterBackupRestoration (22ms)
Platform modules already initialized, skipping
Refreshing native plugins compatible for Editor in 0.52 ms, found 2 plugins.
Preloading 0 native plugins for Editor in 0.00 ms.
Unloading 2595 Unused Serialized files (Serialized files now loaded: 0)
System memory in use before: 129.1 MB.
System memory in use after: 129.3 MB.

Unloading 12 unused Assets to reduce memory usage. Loaded Objects now: 3294.
Total: 3.881300 ms (FindLiveObjects: 0.295900 ms CreateObjectMapping: 0.149200 ms MarkObjects: 3.413500 ms  DeleteObjects: 0.021100 ms)

AssetImportParameters requested are different than current active one (requested -> active):
  custom:framework-win-MediaFoundation: 216162199b28c13a410421893ffa2e32 -> 
  custom:video-decoder-ogg-theora: a1e56fd34408186e4bbccfd4996cb3dc -> 
  custom:container-muxer-webm: aa71ff27fc2769a1b78a27578f13a17b -> 
  custom:container-demuxer-webm: 4f35f7cbe854078d1ac9338744f61a02 -> 
  custom:container-demuxer-ogg: 62fdf1f143b41e24485cea50d1cbac27 -> 
  custom:video-encoder-webm-vp8: eb34c28f22e8b96e1ab97ce403110664 -> 
  custom:video-decoder-webm-vp8: 9c59270c3fd7afecdb556c50c9e8de78 -> 
  custom:audio-decoder-ogg-vorbis: bf7c407c2cedff20999df2af8eb42d56 -> 
  custom:audio-encoder-webm-vorbis: bf7c407c2cedff20999df2af8eb42d56 -> 
========================================================================
Received Import Request.
  Time since last request: 427.616076 seconds.
  path: Assets/Textures/hierba_T.png
  artifactKey: Guid(8bb75291360ad094ba60ca3ea455f264) Importer(815301076,1909f56bfc062723c751e8b465ee728b)
Start importing Assets/Textures/hierba_T.png using Guid(8bb75291360ad094ba60ca3ea455f264) Importer(815301076,1909f56bfc062723c751e8b465ee728b)  -> (artifact id: 'efa093f72c96ef65a3fea047a36400b1') in 0.056061 seconds 
  Import took 0.060809 seconds .

========================================================================
Received Import Request.
  Time since last request: 220.361170 seconds.
  path: Assets/Textures/hierba_T.png
  artifactKey: Guid(8bb75291360ad094ba60ca3ea455f264) Importer(815301076,1909f56bfc062723c751e8b465ee728b)
Start importing Assets/Textures/hierba_T.png using Guid(8bb75291360ad094ba60ca3ea455f264) Importer(815301076,1909f56bfc062723c751e8b465ee728b)  -> (artifact id: '1464b71ce0f7aa53b39a1d9d1a832304') in 0.009841 seconds 
  Import took 0.015330 seconds .

========================================================================
Received Prepare
Registering precompiled user dll's ...
Registered in 0.002197 seconds.
Begin MonoManager ReloadAssembly
Native extension for WindowsStandalone target not found
Refreshing native plugins compatible for Editor in 0.51 ms, found 2 plugins.
Preloading 0 native plugins for Editor in 0.00 ms.
Mono: successfully reloaded assembly
- Completed reload, in  1.016 seconds
Domain Reload Profiling:
	ReloadAssembly (1016ms)
		BeginReloadAssembly (115ms)
			ExecutionOrderSort (0ms)
			DisableScriptedObjects (5ms)
			BackupInstance (0ms)
			ReleaseScriptingObjects (0ms)
			CreateAndSetChildDomain (33ms)
		EndReloadAssembly (840ms)
			LoadAssemblies (84ms)
			RebuildTransferFunctionScriptingTraits (0ms)
			SetupTypeCache (292ms)
			ReleaseScriptCaches (1ms)
			RebuildScriptCaches (40ms)
			SetupLoadedEditorAssemblies (281ms)
				LogAssemblyErrors (0ms)
				InitializePlatformSupportModulesInManaged (4ms)
				SetLoadedEditorAssemblies (0ms)
				RefreshPlugins (1ms)
				BeforeProcessingInitializeOnLoad (59ms)
				ProcessInitializeOnLoadAttributes (206ms)
				ProcessInitializeOnLoadMethodAttributes (4ms)
				AfterProcessingInitializeOnLoad (6ms)
				EditorAssembliesLoaded (0ms)
			ExecutionOrderSort2 (0ms)
			AwakeInstancesAfterBackupRestoration (16ms)
Platform modules already initialized, skipping
Refreshing native plugins compatible for Editor in 0.50 ms, found 2 plugins.
Preloading 0 native plugins for Editor in 0.00 ms.
Unloading 2595 Unused Serialized files (Serialized files now loaded: 0)
System memory in use before: 129.1 MB.
System memory in use after: 129.3 MB.

Unloading 12 unused Assets to reduce memory usage. Loaded Objects now: 3296.
Total: 3.701100 ms (FindLiveObjects: 0.266900 ms CreateObjectMapping: 0.136600 ms MarkObjects: 3.247100 ms  DeleteObjects: 0.049600 ms)

AssetImportParameters requested are different than current active one (requested -> active):
  custom:framework-win-MediaFoundation: 216162199b28c13a410421893ffa2e32 -> 
  custom:video-decoder-ogg-theora: a1e56fd34408186e4bbccfd4996cb3dc -> 
  custom:container-muxer-webm: aa71ff27fc2769a1b78a27578f13a17b -> 
  custom:container-demuxer-webm: 4f35f7cbe854078d1ac9338744f61a02 -> 
  custom:container-demuxer-ogg: 62fdf1f143b41e24485cea50d1cbac27 -> 
  custom:video-encoder-webm-vp8: eb34c28f22e8b96e1ab97ce403110664 -> 
  custom:video-decoder-webm-vp8: 9c59270c3fd7afecdb556c50c9e8de78 -> 
  custom:audio-decoder-ogg-vorbis: bf7c407c2cedff20999df2af8eb42d56 -> 
  custom:audio-encoder-webm-vorbis: bf7c407c2cedff20999df2af8eb42d56 -> 
========================================================================
Received Prepare
Registering precompiled user dll's ...
Registered in 0.002919 seconds.
Begin MonoManager ReloadAssembly
Native extension for WindowsStandalone target not found
Refreshing native plugins compatible for Editor in 0.56 ms, found 2 plugins.
Preloading 0 native plugins for Editor in 0.00 ms.
Mono: successfully reloaded assembly
- Completed reload, in  1.333 seconds
Domain Reload Profiling:
	ReloadAssembly (1334ms)
		BeginReloadAssembly (138ms)
			ExecutionOrderSort (0ms)
			DisableScriptedObjects (8ms)
			BackupInstance (0ms)
			ReleaseScriptingObjects (0ms)
			CreateAndSetChildDomain (42ms)
		EndReloadAssembly (1121ms)
			LoadAssemblies (99ms)
			RebuildTransferFunctionScriptingTraits (0ms)
			SetupTypeCache (385ms)
			ReleaseScriptCaches (2ms)
			RebuildScriptCaches (57ms)
			SetupLoadedEditorAssemblies (386ms)
				LogAssemblyErrors (0ms)
				InitializePlatformSupportModulesInManaged (6ms)
				SetLoadedEditorAssemblies (1ms)
				RefreshPlugins (1ms)
				BeforeProcessingInitializeOnLoad (86ms)
				ProcessInitializeOnLoadAttributes (280ms)
				ProcessInitializeOnLoadMethodAttributes (6ms)
				AfterProcessingInitializeOnLoad (7ms)
				EditorAssembliesLoaded (0ms)
			ExecutionOrderSort2 (0ms)
			AwakeInstancesAfterBackupRestoration (27ms)
Platform modules already initialized, skipping
Refreshing native plugins compatible for Editor in 0.52 ms, found 2 plugins.
Preloading 0 native plugins for Editor in 0.00 ms.
Unloading 2595 Unused Serialized files (Serialized files now loaded: 0)
System memory in use before: 129.1 MB.
System memory in use after: 129.3 MB.

Unloading 12 unused Assets to reduce memory usage. Loaded Objects now: 3298.
Total: 4.061600 ms (FindLiveObjects: 0.396900 ms CreateObjectMapping: 0.191000 ms MarkObjects: 3.437600 ms  DeleteObjects: 0.034400 ms)

AssetImportParameters requested are different than current active one (requested -> active):
  custom:framework-win-MediaFoundation: 216162199b28c13a410421893ffa2e32 -> 
  custom:video-decoder-ogg-theora: a1e56fd34408186e4bbccfd4996cb3dc -> 
  custom:container-muxer-webm: aa71ff27fc2769a1b78a27578f13a17b -> 
  custom:container-demuxer-webm: 4f35f7cbe854078d1ac9338744f61a02 -> 
  custom:container-demuxer-ogg: 62fdf1f143b41e24485cea50d1cbac27 -> 
  custom:video-encoder-webm-vp8: eb34c28f22e8b96e1ab97ce403110664 -> 
  custom:video-decoder-webm-vp8: 9c59270c3fd7afecdb556c50c9e8de78 -> 
  custom:audio-decoder-ogg-vorbis: bf7c407c2cedff20999df2af8eb42d56 -> 
  custom:audio-encoder-webm-vorbis: bf7c407c2cedff20999df2af8eb42d56 -> 
========================================================================
Received Prepare
Registering precompiled user dll's ...
Registered in 0.002426 seconds.
Begin MonoManager ReloadAssembly
Native extension for WindowsStandalone target not found
Refreshing native plugins compatible for Editor in 0.49 ms, found 2 plugins.
Preloading 0 native plugins for Editor in 0.00 ms.
Mono: successfully reloaded assembly
- Completed reload, in  1.031 seconds
Domain Reload Profiling:
	ReloadAssembly (1032ms)
		BeginReloadAssembly (115ms)
			ExecutionOrderSort (0ms)
			DisableScriptedObjects (5ms)
			BackupInstance (0ms)
			ReleaseScriptingObjects (0ms)
			CreateAndSetChildDomain (32ms)
		EndReloadAssembly (852ms)
			LoadAssemblies (85ms)
			RebuildTransferFunctionScriptingTraits (0ms)
			SetupTypeCache (297ms)
			ReleaseScriptCaches (1ms)
			RebuildScriptCaches (42ms)
			SetupLoadedEditorAssemblies (284ms)
				LogAssemblyErrors (0ms)
				InitializePlatformSupportModulesInManaged (4ms)
				SetLoadedEditorAssemblies (0ms)
				RefreshPlugins (1ms)
				BeforeProcessingInitializeOnLoad (61ms)
				ProcessInitializeOnLoadAttributes (207ms)
				ProcessInitializeOnLoadMethodAttributes (4ms)
				AfterProcessingInitializeOnLoad (6ms)
				EditorAssembliesLoaded (0ms)
			ExecutionOrderSort2 (0ms)
			AwakeInstancesAfterBackupRestoration (17ms)
Platform modules already initialized, skipping
Refreshing native plugins compatible for Editor in 0.51 ms, found 2 plugins.
Preloading 0 native plugins for Editor in 0.00 ms.
Unloading 2596 Unused Serialized files (Serialized files now loaded: 0)
System memory in use before: 129.2 MB.
System memory in use after: 129.4 MB.

Unloading 12 unused Assets to reduce memory usage. Loaded Objects now: 3301.
Total: 3.542700 ms (FindLiveObjects: 0.259100 ms CreateObjectMapping: 0.131000 ms MarkObjects: 3.105400 ms  DeleteObjects: 0.046300 ms)

AssetImportParameters requested are different than current active one (requested -> active):
  custom:framework-win-MediaFoundation: 216162199b28c13a410421893ffa2e32 -> 
  custom:video-decoder-ogg-theora: a1e56fd34408186e4bbccfd4996cb3dc -> 
  custom:container-muxer-webm: aa71ff27fc2769a1b78a27578f13a17b -> 
  custom:container-demuxer-webm: 4f35f7cbe854078d1ac9338744f61a02 -> 
  custom:container-demuxer-ogg: 62fdf1f143b41e24485cea50d1cbac27 -> 
  custom:video-encoder-webm-vp8: eb34c28f22e8b96e1ab97ce403110664 -> 
  custom:video-decoder-webm-vp8: 9c59270c3fd7afecdb556c50c9e8de78 -> 
  custom:audio-decoder-ogg-vorbis: bf7c407c2cedff20999df2af8eb42d56 -> 
  custom:audio-encoder-webm-vorbis: bf7c407c2cedff20999df2af8eb42d56 -> 
========================================================================
Received Import Request.
  Time since last request: 873.329989 seconds.
  path: Assets/Materials/Montaña.mat
  artifactKey: Guid(7f485a8dbb2c91b46a4f8c08b29e62ea) Importer(815301076,1909f56bfc062723c751e8b465ee728b)
Start importing Assets/Materials/Montaña.mat using Guid(7f485a8dbb2c91b46a4f8c08b29e62ea) Importer(815301076,1909f56bfc062723c751e8b465ee728b)  -> (artifact id: '0f7b07c4e9f335a529052cd39ebdb94c') in 0.178830 seconds 
  Import took 0.183430 seconds .

========================================================================
Received Prepare
Registering precompiled user dll's ...
Registered in 0.002340 seconds.
Begin MonoManager ReloadAssembly
Native extension for WindowsStandalone target not found
Refreshing native plugins compatible for Editor in 0.50 ms, found 2 plugins.
Preloading 0 native plugins for Editor in 0.00 ms.
Mono: successfully reloaded assembly
- Completed reload, in  1.088 seconds
Domain Reload Profiling:
	ReloadAssembly (1088ms)
		BeginReloadAssembly (122ms)
			ExecutionOrderSort (0ms)
			DisableScriptedObjects (6ms)
			BackupInstance (0ms)
			ReleaseScriptingObjects (0ms)
			CreateAndSetChildDomain (37ms)
		EndReloadAssembly (899ms)
			LoadAssemblies (92ms)
			RebuildTransferFunctionScriptingTraits (0ms)
			SetupTypeCache (318ms)
			ReleaseScriptCaches (1ms)
			RebuildScriptCaches (43ms)
			SetupLoadedEditorAssemblies (295ms)
				LogAssemblyErrors (0ms)
				InitializePlatformSupportModulesInManaged (4ms)
				SetLoadedEditorAssemblies (1ms)
				RefreshPlugins (1ms)
				BeforeProcessingInitializeOnLoad (63ms)
				ProcessInitializeOnLoadAttributes (216ms)
				ProcessInitializeOnLoadMethodAttributes (4ms)
				AfterProcessingInitializeOnLoad (6ms)
				EditorAssembliesLoaded (0ms)
			ExecutionOrderSort2 (0ms)
			AwakeInstancesAfterBackupRestoration (18ms)
Platform modules already initialized, skipping
Refreshing native plugins compatible for Editor in 0.51 ms, found 2 plugins.
Preloading 0 native plugins for Editor in 0.00 ms.
Unloading 2596 Unused Serialized files (Serialized files now loaded: 0)
System memory in use before: 129.0 MB.
System memory in use after: 129.2 MB.

Unloading 12 unused Assets to reduce memory usage. Loaded Objects now: 3339.
Total: 3.568000 ms (FindLiveObjects: 0.260100 ms CreateObjectMapping: 0.122100 ms MarkObjects: 3.168600 ms  DeleteObjects: 0.016200 ms)

AssetImportParameters requested are different than current active one (requested -> active):
  custom:framework-win-MediaFoundation: 216162199b28c13a410421893ffa2e32 -> 
  custom:video-decoder-ogg-theora: a1e56fd34408186e4bbccfd4996cb3dc -> 
  custom:container-muxer-webm: aa71ff27fc2769a1b78a27578f13a17b -> 
  custom:container-demuxer-webm: 4f35f7cbe854078d1ac9338744f61a02 -> 
  custom:container-demuxer-ogg: 62fdf1f143b41e24485cea50d1cbac27 -> 
  custom:video-encoder-webm-vp8: eb34c28f22e8b96e1ab97ce403110664 -> 
  custom:video-decoder-webm-vp8: 9c59270c3fd7afecdb556c50c9e8de78 -> 
  custom:audio-decoder-ogg-vorbis: bf7c407c2cedff20999df2af8eb42d56 -> 
  custom:audio-encoder-webm-vorbis: bf7c407c2cedff20999df2af8eb42d56 -> 
========================================================================
Received Import Request.
  Time since last request: 44.464501 seconds.
  path: Assets/IgniteCoders/Simple Water Shader
  artifactKey: Guid(28e77bf0ebaa35f40ab304e509bf2529) Importer(815301076,1909f56bfc062723c751e8b465ee728b)
Start importing Assets/IgniteCoders/Simple Water Shader using Guid(28e77bf0ebaa35f40ab304e509bf2529) Importer(815301076,1909f56bfc062723c751e8b465ee728b)  -> (artifact id: '9a1bdce040a6ff1c73b0f8eb27c45d1d') in 0.004984 seconds 
  Import took 0.009361 seconds .

========================================================================
Received Import Request.
  Time since last request: 2.927941 seconds.
  path: Assets/IgniteCoders/Simple Water Shader/Prefabs
  artifactKey: Guid(659a758b0bea88342a8f7d3812ab9415) Importer(815301076,1909f56bfc062723c751e8b465ee728b)
Start importing Assets/IgniteCoders/Simple Water Shader/Prefabs using Guid(659a758b0bea88342a8f7d3812ab9415) Importer(815301076,1909f56bfc062723c751e8b465ee728b)  -> (artifact id: '5412fffd1b367bc9dc7227334b28a39a') in 0.001273 seconds 
  Import took 0.005856 seconds .

========================================================================
Received Import Request.
  Time since last request: 0.182098 seconds.
  path: Assets/IgniteCoders/Simple Water Shader/Prefabs/WaterBlock_50m.prefab
  artifactKey: Guid(7097ba7ba649e1f41bba232312bdcbd8) Importer(815301076,1909f56bfc062723c751e8b465ee728b)
Start importing Assets/IgniteCoders/Simple Water Shader/Prefabs/WaterBlock_50m.prefab using Guid(7097ba7ba649e1f41bba232312bdcbd8) Importer(815301076,1909f56bfc062723c751e8b465ee728b)  -> (artifact id: '9b177df63003f2b1e452513c80299a10') in 0.857666 seconds 
  Import took 0.862621 seconds .

========================================================================
Received Import Request.
  Time since last request: 0.000257 seconds.
  path: Assets/IgniteCoders/Simple Water Shader/Prefabs/WaterReflectionCamera.prefab
  artifactKey: Guid(838c0bef810bfe94d8e33947c3cba7c6) Importer(815301076,1909f56bfc062723c751e8b465ee728b)
Start importing Assets/IgniteCoders/Simple Water Shader/Prefabs/WaterReflectionCamera.prefab using Guid(838c0bef810bfe94d8e33947c3cba7c6) Importer(815301076,1909f56bfc062723c751e8b465ee728b)  -> (artifact id: '7621f29f8144901b1fae44a35e18dc85') in 0.008057 seconds 
  Import took 0.012450 seconds .

========================================================================
Received Prepare
Registering precompiled user dll's ...
Registered in 0.002333 seconds.
Begin MonoManager ReloadAssembly
Native extension for WindowsStandalone target not found
Refreshing native plugins compatible for Editor in 0.51 ms, found 2 plugins.
Preloading 0 native plugins for Editor in 0.00 ms.
Mono: successfully reloaded assembly
- Completed reload, in  1.208 seconds
Domain Reload Profiling:
	ReloadAssembly (1209ms)
		BeginReloadAssembly (122ms)
			ExecutionOrderSort (0ms)
			DisableScriptedObjects (8ms)
			BackupInstance (0ms)
			ReleaseScriptingObjects (0ms)
			CreateAndSetChildDomain (40ms)
		EndReloadAssembly (1019ms)
			LoadAssemblies (94ms)
			RebuildTransferFunctionScriptingTraits (0ms)
			SetupTypeCache (306ms)
			ReleaseScriptCaches (1ms)
			RebuildScriptCaches (44ms)
			SetupLoadedEditorAssemblies (373ms)
				LogAssemblyErrors (0ms)
				InitializePlatformSupportModulesInManaged (4ms)
				SetLoadedEditorAssemblies (0ms)
				RefreshPlugins (1ms)
				BeforeProcessingInitializeOnLoad (69ms)
				ProcessInitializeOnLoadAttributes (286ms)
				ProcessInitializeOnLoadMethodAttributes (5ms)
				AfterProcessingInitializeOnLoad (8ms)
				EditorAssembliesLoaded (0ms)
			ExecutionOrderSort2 (0ms)
			AwakeInstancesAfterBackupRestoration (24ms)
Platform modules already initialized, skipping
Refreshing native plugins compatible for Editor in 0.56 ms, found 2 plugins.
Preloading 0 native plugins for Editor in 0.00 ms.
Unloading 2597 Unused Serialized files (Serialized files now loaded: 0)
System memory in use before: 130.0 MB.
System memory in use after: 130.2 MB.

Unloading 12 unused Assets to reduce memory usage. Loaded Objects now: 3378.
Total: 4.352700 ms (FindLiveObjects: 0.456600 ms CreateObjectMapping: 0.221600 ms MarkObjects: 3.652100 ms  DeleteObjects: 0.020200 ms)

AssetImportParameters requested are different than current active one (requested -> active):
  custom:framework-win-MediaFoundation: 216162199b28c13a410421893ffa2e32 -> 
  custom:video-decoder-ogg-theora: a1e56fd34408186e4bbccfd4996cb3dc -> 
  custom:container-muxer-webm: aa71ff27fc2769a1b78a27578f13a17b -> 
  custom:container-demuxer-webm: 4f35f7cbe854078d1ac9338744f61a02 -> 
  custom:container-demuxer-ogg: 62fdf1f143b41e24485cea50d1cbac27 -> 
  custom:video-encoder-webm-vp8: eb34c28f22e8b96e1ab97ce403110664 -> 
  custom:video-decoder-webm-vp8: 9c59270c3fd7afecdb556c50c9e8de78 -> 
  custom:audio-decoder-ogg-vorbis: bf7c407c2cedff20999df2af8eb42d56 -> 
  custom:audio-encoder-webm-vorbis: bf7c407c2cedff20999df2af8eb42d56 -> 
AssetImportWorkerClient::OnTransportError - code=2 error=End of file
